<?xml version="1.0" encoding="UTF-8"?>
<robot generator="Robot 7.4.1 (Python 3.10.11 on win32)" generated="2026-02-23T10:55:04.566021" rpa="false" schemaversion="5">
<suite id="s1" name="TC002 Login" source="C:\Users\marri\PycharmProjects\pythonproject2\ver 3\tests\TC002_Login.robot">
<kw name="Log" owner="BuiltIn" type="SETUP">
<msg time="2026-02-23T10:55:05.555093" level="INFO">═══ TC002 Start: Login → Cart → Remove → Logout ═══</msg>
<arg>═══ TC002 Start: Login → Cart → Remove → Logout ═══</arg>
<doc>Logs the given message with the given level.</doc>
<status status="PASS" start="2026-02-23T10:55:05.555093" elapsed="0.000000"/>
</kw>
<test id="s1-t1" name="TC002 User 1 Login And Cart" line="32">
<kw name="Login And Cart Flow">
<kw name="Log" owner="BuiltIn">
<msg time="2026-02-23T10:55:05.558609" level="INFO">══════════════════════════════════════════════════════</msg>
<arg>══════════════════════════════════════════════════════</arg>
<doc>Logs the given message with the given level.</doc>
<status status="PASS" start="2026-02-23T10:55:05.557105" elapsed="0.001504"/>
</kw>
<kw name="Log" owner="BuiltIn">
<msg time="2026-02-23T10:55:05.558609" level="INFO">USER: gowtham | gowtham.test001@yopmail.com | Top</msg>
<arg>USER: ${user}[name] | ${user}[email] | ${user}[product]</arg>
<doc>Logs the given message with the given level.</doc>
<status status="PASS" start="2026-02-23T10:55:05.558609" elapsed="0.000000"/>
</kw>
<kw name="Log" owner="BuiltIn">
<msg time="2026-02-23T10:55:05.559619" level="INFO">══════════════════════════════════════════════════════</msg>
<arg>══════════════════════════════════════════════════════</arg>
<doc>Logs the given message with the given level.</doc>
<status status="PASS" start="2026-02-23T10:55:05.559619" elapsed="0.000000"/>
</kw>
<kw name="Open Application" owner="BasePage">
<kw name="Evaluate" owner="BuiltIn">
<msg time="2026-02-23T10:55:05.561620" level="INFO">${options} = &lt;selenium.webdriver.chrome.options.Options object at 0x000002B5679E5F00&gt;</msg>
<var>${options}</var>
<arg>sys.modules['selenium.webdriver'].ChromeOptions()</arg>
<arg>sys</arg>
<doc>Evaluates the given expression in Python and returns the result.</doc>
<status status="PASS" start="2026-02-23T10:55:05.560621" elapsed="0.000999"/>
</kw>
<kw name="Call Method" owner="BuiltIn">
<arg>${options}</arg>
<arg>add_argument</arg>
<arg>--disable-notifications</arg>
<doc>Calls the named method of the given object with the provided arguments.</doc>
<status status="PASS" start="2026-02-23T10:55:05.562620" elapsed="0.000000"/>
</kw>
<kw name="Call Method" owner="BuiltIn">
<arg>${options}</arg>
<arg>add_argument</arg>
<arg>--disable-popup-blocking</arg>
<doc>Calls the named method of the given object with the provided arguments.</doc>
<status status="PASS" start="2026-02-23T10:55:05.562620" elapsed="0.001506"/>
</kw>
<kw name="Call Method" owner="BuiltIn">
<arg>${options}</arg>
<arg>add_argument</arg>
<arg>--disable-infobars</arg>
<doc>Calls the named method of the given object with the provided arguments.</doc>
<status status="PASS" start="2026-02-23T10:55:05.564126" elapsed="0.001021"/>
</kw>
<kw name="Call Method" owner="BuiltIn">
<arg>${options}</arg>
<arg>add_argument</arg>
<arg>--disable-extensions</arg>
<doc>Calls the named method of the given object with the provided arguments.</doc>
<status status="PASS" start="2026-02-23T10:55:05.567668" elapsed="0.001002"/>
</kw>
<kw name="Call Method" owner="BuiltIn">
<arg>${options}</arg>
<arg>add_argument</arg>
<arg>--no-sandbox</arg>
<doc>Calls the named method of the given object with the provided arguments.</doc>
<status status="PASS" start="2026-02-23T10:55:05.569679" elapsed="0.000000"/>
</kw>
<kw name="Call Method" owner="BuiltIn">
<arg>${options}</arg>
<arg>add_argument</arg>
<arg>--disable-dev-shm-usage</arg>
<doc>Calls the named method of the given object with the provided arguments.</doc>
<status status="PASS" start="2026-02-23T10:55:05.569679" elapsed="0.000999"/>
</kw>
<kw name="Call Method" owner="BuiltIn">
<arg>${options}</arg>
<arg>add_argument</arg>
<arg>--disable-gpu</arg>
<doc>Calls the named method of the given object with the provided arguments.</doc>
<status status="PASS" start="2026-02-23T10:55:05.570678" elapsed="0.000000"/>
</kw>
<kw name="Call Method" owner="BuiltIn">
<arg>${options}</arg>
<arg>add_argument</arg>
<arg>--start-maximized</arg>
<doc>Calls the named method of the given object with the provided arguments.</doc>
<status status="PASS" start="2026-02-23T10:55:05.570678" elapsed="0.001002"/>
</kw>
<kw name="Create Dictionary" owner="BuiltIn">
<msg time="2026-02-23T10:55:05.574690" level="INFO">${prefs} = {'profile.default_content_setting_values.notifications': 2, 'profile.default_content_setting_values.popups': 2}</msg>
<var>${prefs}</var>
<arg>profile.default_content_setting_values.notifications=${2}</arg>
<arg>profile.default_content_setting_values.popups=${2}</arg>
<doc>Creates and returns a dictionary based on the given ``items``.</doc>
<status status="PASS" start="2026-02-23T10:55:05.571680" elapsed="0.003010"/>
</kw>
<kw name="Call Method" owner="BuiltIn">
<arg>${options}</arg>
<arg>add_experimental_option</arg>
<arg>prefs</arg>
<arg>${prefs}</arg>
<doc>Calls the named method of the given object with the provided arguments.</doc>
<status status="PASS" start="2026-02-23T10:55:05.574690" elapsed="0.001504"/>
</kw>
<kw name="Create Webdriver" owner="SeleniumLibrary">
<msg time="2026-02-23T10:55:05.576194" level="INFO">Creating an instance of the Chrome WebDriver.</msg>
<arg>Chrome</arg>
<arg>options=${options}</arg>
<doc>Creates an instance of Selenium WebDriver.</doc>
<status status="PASS" start="2026-02-23T10:55:05.576194" elapsed="14.506169"/>
</kw>
<kw name="Go To" owner="SeleniumLibrary">
<msg time="2026-02-23T10:55:20.083866" level="INFO">Opening url 'https://automationexercise.com'</msg>
<arg>${url}</arg>
<doc>Navigates the current browser window to the provided ``url``.</doc>
<status status="PASS" start="2026-02-23T10:55:20.083866" elapsed="3.103858"/>
</kw>
<kw name="Set Selenium Page Load Timeout" owner="SeleniumLibrary">
<arg>30s</arg>
<doc>Sets the page load timeout value used by Selenium.</doc>
<status status="PASS" start="2026-02-23T10:55:23.187724" elapsed="0.027389"/>
</kw>
<kw name="Set Selenium Implicit Wait" owner="SeleniumLibrary">
<arg>0s</arg>
<doc>Sets the implicit wait value used by Selenium.</doc>
<status status="PASS" start="2026-02-23T10:55:23.215113" elapsed="0.008701"/>
</kw>
<kw name="Log" owner="BuiltIn">
<msg time="2026-02-23T10:55:23.238382" level="INFO">✓ Browser opened → https://automationexercise.com</msg>
<arg>✓ Browser opened → ${url}</arg>
<doc>Logs the given message with the given level.</doc>
<status status="PASS" start="2026-02-23T10:55:23.224826" elapsed="0.013556"/>
</kw>
<arg>${APP_URL}</arg>
<arg>${BROWSER}</arg>
<status status="PASS" start="2026-02-23T10:55:05.559619" elapsed="17.679776"/>
</kw>
<kw name="Dismiss Ads And Overlays" owner="BasePage">
<kw name="Sleep" owner="BuiltIn">
<msg time="2026-02-23T10:55:25.804859" level="INFO">Slept 2 seconds.</msg>
<arg>2s</arg>
<doc>Pauses the test executed for the given time.</doc>
<status status="PASS" start="2026-02-23T10:55:23.258301" elapsed="2.548064"/>
</kw>
<kw name="Kill All Ads" owner="BasePage">
<kw name="Execute Javascript" owner="SeleniumLibrary">
<msg time="2026-02-23T10:55:25.849964" level="INFO">Executing JavaScript:
(function(){var selectors = ['iframe[src*="google"]','iframe[src*="doubleclick"]','iframe[src*="googlesyndication"]','iframe[id*="aswift"]','iframe[name*="aswift"]','ins.adsbygoogle','div[id*="google_ads"]','div[class*="adsbygoogle"]'];selectors.forEach(function(sel){document.querySelectorAll(sel).forEach(function(el){el.style.display = 'none';el.style.pointerEvents = 'none';el.style.height = '0';el.style.width = '0';});});})();
Without any arguments.</msg>
<arg>(function(){</arg>
<arg>var selectors = [</arg>
<arg>'iframe[src*="google"]',</arg>
<arg>'iframe[src*="doubleclick"]',</arg>
<arg>'iframe[src*="googlesyndication"]',</arg>
<arg>'iframe[id*="aswift"]',</arg>
<arg>'iframe[name*="aswift"]',</arg>
<arg>'ins.adsbygoogle',</arg>
<arg>'div[id*="google_ads"]',</arg>
<arg>'div[class*="adsbygoogle"]'</arg>
<arg>];</arg>
<arg>selectors.forEach(function(sel){</arg>
<arg>document.querySelectorAll(sel).forEach(function(el){</arg>
<arg>el.style.display = 'none';</arg>
<arg>el.style.pointerEvents = 'none';</arg>
<arg>el.style.height = '0';</arg>
<arg>el.style.width = '0';</arg>
<arg>});</arg>
<arg>});</arg>
<arg>})();</arg>
<doc>Executes the given JavaScript code with possible arguments.</doc>
<status status="PASS" start="2026-02-23T10:55:25.829478" elapsed="14.235104"/>
</kw>
<kw name="Sleep" owner="BuiltIn">
<msg time="2026-02-23T10:55:40.574457" level="INFO">Slept 500 milliseconds.</msg>
<arg>0.5s</arg>
<doc>Pauses the test executed for the given time.</doc>
<status status="PASS" start="2026-02-23T10:55:40.066969" elapsed="0.509655"/>
</kw>
<status status="PASS" start="2026-02-23T10:55:25.806365" elapsed="14.770259"/>
</kw>
<kw name="Run Keyword And Return Status" owner="BuiltIn">
<kw name="Element Should Be Visible" owner="SeleniumLibrary">
<msg time="2026-02-23T10:55:40.600995" level="FAIL">Element with locator 'id=dismiss-button' not found.</msg>
<arg>id=dismiss-button</arg>
<doc>Verifies that the element identified by ``locator`` is visible.</doc>
<status status="FAIL" start="2026-02-23T10:55:40.578149" elapsed="0.029632">Element with locator 'id=dismiss-button' not found.</status>
</kw>
<msg time="2026-02-23T10:55:40.608790" level="INFO">${vignette} = False</msg>
<var>${vignette}</var>
<arg>Element Should Be Visible</arg>
<arg>id=dismiss-button</arg>
<doc>Runs the specified keyword and returns the status as a Boolean value.</doc>
<status status="PASS" start="2026-02-23T10:55:40.577638" elapsed="0.031152"/>
</kw>
<kw name="Run Keyword If" owner="BuiltIn">
<arg>${vignette}</arg>
<arg>Click Element</arg>
<arg>id=dismiss-button</arg>
<doc>Runs the given keyword with the given arguments, if ``condition`` is true.</doc>
<status status="PASS" start="2026-02-23T10:55:40.608790" elapsed="0.000000"/>
</kw>
<kw name="Run Keyword And Return Status" owner="BuiltIn">
<kw name="Element Should Be Visible" owner="SeleniumLibrary">
<msg time="2026-02-23T10:55:40.628162" level="FAIL">Element with locator 'xpath://button[contains(text(),'Accept')]' not found.</msg>
<arg>xpath://button[contains(text(),'Accept')]</arg>
<doc>Verifies that the element identified by ``locator`` is visible.</doc>
<status status="FAIL" start="2026-02-23T10:55:40.610031" elapsed="0.019146">Element with locator 'xpath://button[contains(text(),'Accept')]' not found.</status>
</kw>
<msg time="2026-02-23T10:55:40.629177" level="INFO">${cookie} = False</msg>
<var>${cookie}</var>
<arg>Element Should Be Visible</arg>
<arg>xpath://button[contains(text(),'Accept')]</arg>
<doc>Runs the specified keyword and returns the status as a Boolean value.</doc>
<status status="PASS" start="2026-02-23T10:55:40.610031" elapsed="0.019146"/>
</kw>
<kw name="Run Keyword If" owner="BuiltIn">
<arg>${cookie}</arg>
<arg>Click Element</arg>
<arg>xpath://button[contains(text(),'Accept')]</arg>
<doc>Runs the given keyword with the given arguments, if ``condition`` is true.</doc>
<status status="PASS" start="2026-02-23T10:55:40.630179" elapsed="0.000997"/>
</kw>
<kw name="Kill All Ads" owner="BasePage">
<kw name="Execute Javascript" owner="SeleniumLibrary">
<msg time="2026-02-23T10:55:40.632169" level="INFO">Executing JavaScript:
(function(){var selectors = ['iframe[src*="google"]','iframe[src*="doubleclick"]','iframe[src*="googlesyndication"]','iframe[id*="aswift"]','iframe[name*="aswift"]','ins.adsbygoogle','div[id*="google_ads"]','div[class*="adsbygoogle"]'];selectors.forEach(function(sel){document.querySelectorAll(sel).forEach(function(el){el.style.display = 'none';el.style.pointerEvents = 'none';el.style.height = '0';el.style.width = '0';});});})();
Without any arguments.</msg>
<arg>(function(){</arg>
<arg>var selectors = [</arg>
<arg>'iframe[src*="google"]',</arg>
<arg>'iframe[src*="doubleclick"]',</arg>
<arg>'iframe[src*="googlesyndication"]',</arg>
<arg>'iframe[id*="aswift"]',</arg>
<arg>'iframe[name*="aswift"]',</arg>
<arg>'ins.adsbygoogle',</arg>
<arg>'div[id*="google_ads"]',</arg>
<arg>'div[class*="adsbygoogle"]'</arg>
<arg>];</arg>
<arg>selectors.forEach(function(sel){</arg>
<arg>document.querySelectorAll(sel).forEach(function(el){</arg>
<arg>el.style.display = 'none';</arg>
<arg>el.style.pointerEvents = 'none';</arg>
<arg>el.style.height = '0';</arg>
<arg>el.style.width = '0';</arg>
<arg>});</arg>
<arg>});</arg>
<arg>})();</arg>
<doc>Executes the given JavaScript code with possible arguments.</doc>
<status status="PASS" start="2026-02-23T10:55:40.631176" elapsed="0.009064"/>
</kw>
<kw name="Sleep" owner="BuiltIn">
<msg time="2026-02-23T10:55:41.154267" level="INFO">Slept 500 milliseconds.</msg>
<arg>0.5s</arg>
<doc>Pauses the test executed for the given time.</doc>
<status status="PASS" start="2026-02-23T10:55:40.641249" elapsed="0.513018"/>
</kw>
<status status="PASS" start="2026-02-23T10:55:40.631176" elapsed="0.524103"/>
</kw>
<kw name="Sleep" owner="BuiltIn">
<msg time="2026-02-23T10:55:41.663703" level="INFO">Slept 500 milliseconds.</msg>
<arg>0.5s</arg>
<doc>Pauses the test executed for the given time.</doc>
<status status="PASS" start="2026-02-23T10:55:41.155279" elapsed="0.508424"/>
</kw>
<status status="PASS" start="2026-02-23T10:55:23.247414" elapsed="18.416289"/>
</kw>
<kw name="Verify Home Page Is Loaded" owner="HomePage">
<kw name="Wait Until Element Is Visible" owner="SeleniumLibrary">
<arg>xpath://img[@alt='Website for automation practice']</arg>
<arg>20s</arg>
<doc>Waits until the element ``locator`` is visible.</doc>
<status status="PASS" start="2026-02-23T10:55:41.665014" elapsed="0.043621"/>
</kw>
<kw name="Title Should Be" owner="SeleniumLibrary">
<msg time="2026-02-23T10:55:41.717731" level="INFO">Page title is 'Automation Exercise'.</msg>
<arg>Automation Exercise</arg>
<doc>Verifies that the current page title equals ``title``.</doc>
<status status="PASS" start="2026-02-23T10:55:41.708635" elapsed="0.009096"/>
</kw>
<kw name="Log" owner="BuiltIn">
<msg time="2026-02-23T10:55:41.718737" level="INFO">✓ Home page loaded.</msg>
<arg>✓ Home page loaded.</arg>
<doc>Logs the given message with the given level.</doc>
<status status="PASS" start="2026-02-23T10:55:41.718737" elapsed="0.000000"/>
</kw>
<status status="PASS" start="2026-02-23T10:55:41.663703" elapsed="0.055034"/>
</kw>
<kw name="Navigate To Signup Login Page" owner="HomePage">
<kw name="Kill All Ads" owner="BasePage">
<kw name="Execute Javascript" owner="SeleniumLibrary">
<msg time="2026-02-23T10:55:41.721509" level="INFO">Executing JavaScript:
(function(){var selectors = ['iframe[src*="google"]','iframe[src*="doubleclick"]','iframe[src*="googlesyndication"]','iframe[id*="aswift"]','iframe[name*="aswift"]','ins.adsbygoogle','div[id*="google_ads"]','div[class*="adsbygoogle"]'];selectors.forEach(function(sel){document.querySelectorAll(sel).forEach(function(el){el.style.display = 'none';el.style.pointerEvents = 'none';el.style.height = '0';el.style.width = '0';});});})();
Without any arguments.</msg>
<arg>(function(){</arg>
<arg>var selectors = [</arg>
<arg>'iframe[src*="google"]',</arg>
<arg>'iframe[src*="doubleclick"]',</arg>
<arg>'iframe[src*="googlesyndication"]',</arg>
<arg>'iframe[id*="aswift"]',</arg>
<arg>'iframe[name*="aswift"]',</arg>
<arg>'ins.adsbygoogle',</arg>
<arg>'div[id*="google_ads"]',</arg>
<arg>'div[class*="adsbygoogle"]'</arg>
<arg>];</arg>
<arg>selectors.forEach(function(sel){</arg>
<arg>document.querySelectorAll(sel).forEach(function(el){</arg>
<arg>el.style.display = 'none';</arg>
<arg>el.style.pointerEvents = 'none';</arg>
<arg>el.style.height = '0';</arg>
<arg>el.style.width = '0';</arg>
<arg>});</arg>
<arg>});</arg>
<arg>})();</arg>
<doc>Executes the given JavaScript code with possible arguments.</doc>
<status status="PASS" start="2026-02-23T10:55:41.720084" elapsed="0.012324"/>
</kw>
<kw name="Sleep" owner="BuiltIn">
<msg time="2026-02-23T10:55:42.239461" level="INFO">Slept 500 milliseconds.</msg>
<arg>0.5s</arg>
<doc>Pauses the test executed for the given time.</doc>
<status status="PASS" start="2026-02-23T10:55:41.733417" elapsed="0.506044"/>
</kw>
<status status="PASS" start="2026-02-23T10:55:41.720084" elapsed="0.520370"/>
</kw>
<kw name="Wait Until Element Is Visible" owner="SeleniumLibrary">
<arg>xpath://a[@href='/login']</arg>
<arg>10s</arg>
<doc>Waits until the element ``locator`` is visible.</doc>
<status status="PASS" start="2026-02-23T10:55:42.240454" elapsed="0.021379"/>
</kw>
<kw name="Safe Click" owner="BasePage">
<kw name="Kill All Ads" owner="BasePage">
<kw name="Execute Javascript" owner="SeleniumLibrary">
<msg time="2026-02-23T10:55:42.264356" level="INFO">Executing JavaScript:
(function(){var selectors = ['iframe[src*="google"]','iframe[src*="doubleclick"]','iframe[src*="googlesyndication"]','iframe[id*="aswift"]','iframe[name*="aswift"]','ins.adsbygoogle','div[id*="google_ads"]','div[class*="adsbygoogle"]'];selectors.forEach(function(sel){document.querySelectorAll(sel).forEach(function(el){el.style.display = 'none';el.style.pointerEvents = 'none';el.style.height = '0';el.style.width = '0';});});})();
Without any arguments.</msg>
<arg>(function(){</arg>
<arg>var selectors = [</arg>
<arg>'iframe[src*="google"]',</arg>
<arg>'iframe[src*="doubleclick"]',</arg>
<arg>'iframe[src*="googlesyndication"]',</arg>
<arg>'iframe[id*="aswift"]',</arg>
<arg>'iframe[name*="aswift"]',</arg>
<arg>'ins.adsbygoogle',</arg>
<arg>'div[id*="google_ads"]',</arg>
<arg>'div[class*="adsbygoogle"]'</arg>
<arg>];</arg>
<arg>selectors.forEach(function(sel){</arg>
<arg>document.querySelectorAll(sel).forEach(function(el){</arg>
<arg>el.style.display = 'none';</arg>
<arg>el.style.pointerEvents = 'none';</arg>
<arg>el.style.height = '0';</arg>
<arg>el.style.width = '0';</arg>
<arg>});</arg>
<arg>});</arg>
<arg>})();</arg>
<doc>Executes the given JavaScript code with possible arguments.</doc>
<status status="PASS" start="2026-02-23T10:55:42.263325" elapsed="0.011428"/>
</kw>
<kw name="Sleep" owner="BuiltIn">
<msg time="2026-02-23T10:55:42.788777" level="INFO">Slept 500 milliseconds.</msg>
<arg>0.5s</arg>
<doc>Pauses the test executed for the given time.</doc>
<status status="PASS" start="2026-02-23T10:55:42.274753" elapsed="0.514024"/>
</kw>
<status status="PASS" start="2026-02-23T10:55:42.263325" elapsed="0.525452"/>
</kw>
<kw name="Wait Until Element Is Visible" owner="SeleniumLibrary">
<arg>${locator}</arg>
<arg>15s</arg>
<doc>Waits until the element ``locator`` is visible.</doc>
<status status="PASS" start="2026-02-23T10:55:42.789801" elapsed="0.019639"/>
</kw>
<kw name="Scroll Into View" owner="BasePage">
<kw name="Get WebElement" owner="SeleniumLibrary">
<msg time="2026-02-23T10:55:42.822451" level="INFO">${el} = &lt;selenium.webdriver.remote.webelement.WebElement (session="0dc9f90c27757ae333b098acfdf7470c", element="f.C795E0FE8A4AF74BBE4BCDDB91FC9D1D.d.134E59F8B333D006472E7F40571504AA.e.11")&gt;</msg>
<var>${el}</var>
<arg>${locator}</arg>
<doc>Returns the first WebElement matching the given ``locator``.</doc>
<status status="PASS" start="2026-02-23T10:55:42.810528" elapsed="0.011923"/>
</kw>
<kw name="Execute Javascript" owner="SeleniumLibrary">
<msg time="2026-02-23T10:55:42.823461" level="INFO">Executing JavaScript:
arguments[0].scrollIntoView({behavior:'smooth', block:'center'});
By using argument:
'&lt;selenium.webdriver.remote.webelement.WebElement (session="0dc9f90c27757ae333b098acfdf7470c", element="f.C795E0FE8A4AF74BBE4BCDDB91FC9D1D.d.134E59F8B333D006472E7F40571504AA.e.11")&gt;'</msg>
<arg>arguments[0].scrollIntoView({behavior:'smooth', block:'center'});</arg>
<arg>ARGUMENTS</arg>
<arg>${el}</arg>
<doc>Executes the given JavaScript code with possible arguments.</doc>
<status status="PASS" start="2026-02-23T10:55:42.822957" elapsed="0.008917"/>
</kw>
<kw name="Sleep" owner="BuiltIn">
<msg time="2026-02-23T10:55:43.235169" level="INFO">Slept 400 milliseconds.</msg>
<arg>0.4s</arg>
<doc>Pauses the test executed for the given time.</doc>
<status status="PASS" start="2026-02-23T10:55:42.831874" elapsed="0.403295"/>
</kw>
<arg>${locator}</arg>
<status status="PASS" start="2026-02-23T10:55:42.809440" elapsed="0.425729"/>
</kw>
<kw name="Kill All Ads" owner="BasePage">
<kw name="Execute Javascript" owner="SeleniumLibrary">
<msg time="2026-02-23T10:55:43.239250" level="INFO">Executing JavaScript:
(function(){var selectors = ['iframe[src*="google"]','iframe[src*="doubleclick"]','iframe[src*="googlesyndication"]','iframe[id*="aswift"]','iframe[name*="aswift"]','ins.adsbygoogle','div[id*="google_ads"]','div[class*="adsbygoogle"]'];selectors.forEach(function(sel){document.querySelectorAll(sel).forEach(function(el){el.style.display = 'none';el.style.pointerEvents = 'none';el.style.height = '0';el.style.width = '0';});});})();
Without any arguments.</msg>
<arg>(function(){</arg>
<arg>var selectors = [</arg>
<arg>'iframe[src*="google"]',</arg>
<arg>'iframe[src*="doubleclick"]',</arg>
<arg>'iframe[src*="googlesyndication"]',</arg>
<arg>'iframe[id*="aswift"]',</arg>
<arg>'iframe[name*="aswift"]',</arg>
<arg>'ins.adsbygoogle',</arg>
<arg>'div[id*="google_ads"]',</arg>
<arg>'div[class*="adsbygoogle"]'</arg>
<arg>];</arg>
<arg>selectors.forEach(function(sel){</arg>
<arg>document.querySelectorAll(sel).forEach(function(el){</arg>
<arg>el.style.display = 'none';</arg>
<arg>el.style.pointerEvents = 'none';</arg>
<arg>el.style.height = '0';</arg>
<arg>el.style.width = '0';</arg>
<arg>});</arg>
<arg>});</arg>
<arg>})();</arg>
<doc>Executes the given JavaScript code with possible arguments.</doc>
<status status="PASS" start="2026-02-23T10:55:43.238241" elapsed="0.017659"/>
</kw>
<kw name="Sleep" owner="BuiltIn">
<msg time="2026-02-23T10:55:43.761380" level="INFO">Slept 500 milliseconds.</msg>
<arg>0.5s</arg>
<doc>Pauses the test executed for the given time.</doc>
<status status="PASS" start="2026-02-23T10:55:43.257109" elapsed="0.504271"/>
</kw>
<status status="PASS" start="2026-02-23T10:55:43.235169" elapsed="0.526211"/>
</kw>
<kw name="Get WebElement" owner="SeleniumLibrary">
<msg time="2026-02-23T10:55:43.773801" level="INFO">${el} = &lt;selenium.webdriver.remote.webelement.WebElement (session="0dc9f90c27757ae333b098acfdf7470c", element="f.C795E0FE8A4AF74BBE4BCDDB91FC9D1D.d.134E59F8B333D006472E7F40571504AA.e.11")&gt;</msg>
<var>${el}</var>
<arg>${locator}</arg>
<doc>Returns the first WebElement matching the given ``locator``.</doc>
<status status="PASS" start="2026-02-23T10:55:43.762823" elapsed="0.010978"/>
</kw>
<kw name="Execute Javascript" owner="SeleniumLibrary">
<msg time="2026-02-23T10:55:43.774813" level="INFO">Executing JavaScript:
arguments[0].click();
By using argument:
'&lt;selenium.webdriver.remote.webelement.WebElement (session="0dc9f90c27757ae333b098acfdf7470c", element="f.C795E0FE8A4AF74BBE4BCDDB91FC9D1D.d.134E59F8B333D006472E7F40571504AA.e.11")&gt;'</msg>
<arg>arguments[0].click();</arg>
<arg>ARGUMENTS</arg>
<arg>${el}</arg>
<doc>Executes the given JavaScript code with possible arguments.</doc>
<status status="PASS" start="2026-02-23T10:55:43.773801" elapsed="10.274647"/>
</kw>
<kw name="Log" owner="BuiltIn">
<msg time="2026-02-23T10:55:54.049458" level="INFO">✓ Safe clicked: xpath://a[@href='/login']</msg>
<arg>✓ Safe clicked: ${locator}</arg>
<doc>Logs the given message with the given level.</doc>
<status status="PASS" start="2026-02-23T10:55:54.049458" elapsed="0.001004"/>
</kw>
<arg>xpath://a[@href='/login']</arg>
<status status="PASS" start="2026-02-23T10:55:42.263325" elapsed="11.787137"/>
</kw>
<kw name="Wait Until Location Contains" owner="SeleniumLibrary">
<arg>/login</arg>
<arg>10s</arg>
<doc>Waits until the current URL contains ``expected``.</doc>
<status status="PASS" start="2026-02-23T10:55:54.051459" elapsed="0.011927"/>
</kw>
<kw name="Log" owner="BuiltIn">
<msg time="2026-02-23T10:55:54.063904" level="INFO">✓ Navigated to /login.</msg>
<arg>✓ Navigated to /login.</arg>
<doc>Logs the given message with the given level.</doc>
<status status="PASS" start="2026-02-23T10:55:54.063386" elapsed="0.000518"/>
</kw>
<status status="PASS" start="2026-02-23T10:55:41.718737" elapsed="12.345167"/>
</kw>
<kw name="Dismiss Ads And Overlays" owner="BasePage">
<kw name="Sleep" owner="BuiltIn">
<msg time="2026-02-23T10:55:56.080416" level="INFO">Slept 2 seconds.</msg>
<arg>2s</arg>
<doc>Pauses the test executed for the given time.</doc>
<status status="PASS" start="2026-02-23T10:55:54.063904" elapsed="2.016512"/>
</kw>
<kw name="Kill All Ads" owner="BasePage">
<kw name="Execute Javascript" owner="SeleniumLibrary">
<msg time="2026-02-23T10:55:56.083420" level="INFO">Executing JavaScript:
(function(){var selectors = ['iframe[src*="google"]','iframe[src*="doubleclick"]','iframe[src*="googlesyndication"]','iframe[id*="aswift"]','iframe[name*="aswift"]','ins.adsbygoogle','div[id*="google_ads"]','div[class*="adsbygoogle"]'];selectors.forEach(function(sel){document.querySelectorAll(sel).forEach(function(el){el.style.display = 'none';el.style.pointerEvents = 'none';el.style.height = '0';el.style.width = '0';});});})();
Without any arguments.</msg>
<arg>(function(){</arg>
<arg>var selectors = [</arg>
<arg>'iframe[src*="google"]',</arg>
<arg>'iframe[src*="doubleclick"]',</arg>
<arg>'iframe[src*="googlesyndication"]',</arg>
<arg>'iframe[id*="aswift"]',</arg>
<arg>'iframe[name*="aswift"]',</arg>
<arg>'ins.adsbygoogle',</arg>
<arg>'div[id*="google_ads"]',</arg>
<arg>'div[class*="adsbygoogle"]'</arg>
<arg>];</arg>
<arg>selectors.forEach(function(sel){</arg>
<arg>document.querySelectorAll(sel).forEach(function(el){</arg>
<arg>el.style.display = 'none';</arg>
<arg>el.style.pointerEvents = 'none';</arg>
<arg>el.style.height = '0';</arg>
<arg>el.style.width = '0';</arg>
<arg>});</arg>
<arg>});</arg>
<arg>})();</arg>
<doc>Executes the given JavaScript code with possible arguments.</doc>
<status status="PASS" start="2026-02-23T10:55:56.081417" elapsed="0.025591"/>
</kw>
<kw name="Sleep" owner="BuiltIn">
<msg time="2026-02-23T10:55:56.624156" level="INFO">Slept 500 milliseconds.</msg>
<arg>0.5s</arg>
<doc>Pauses the test executed for the given time.</doc>
<status status="PASS" start="2026-02-23T10:55:56.108519" elapsed="0.515637"/>
</kw>
<status status="PASS" start="2026-02-23T10:55:56.081417" elapsed="0.543750"/>
</kw>
<kw name="Run Keyword And Return Status" owner="BuiltIn">
<kw name="Element Should Be Visible" owner="SeleniumLibrary">
<msg time="2026-02-23T10:55:56.638872" level="FAIL">Element with locator 'id=dismiss-button' not found.</msg>
<arg>id=dismiss-button</arg>
<doc>Verifies that the element identified by ``locator`` is visible.</doc>
<status status="FAIL" start="2026-02-23T10:55:56.628687" elapsed="0.010185">Element with locator 'id=dismiss-button' not found.</status>
</kw>
<msg time="2026-02-23T10:55:56.638872" level="INFO">${vignette} = False</msg>
<var>${vignette}</var>
<arg>Element Should Be Visible</arg>
<arg>id=dismiss-button</arg>
<doc>Runs the specified keyword and returns the status as a Boolean value.</doc>
<status status="PASS" start="2026-02-23T10:55:56.627686" elapsed="0.011186"/>
</kw>
<kw name="Run Keyword If" owner="BuiltIn">
<arg>${vignette}</arg>
<arg>Click Element</arg>
<arg>id=dismiss-button</arg>
<doc>Runs the given keyword with the given arguments, if ``condition`` is true.</doc>
<status status="PASS" start="2026-02-23T10:55:56.639880" elapsed="0.000000"/>
</kw>
<kw name="Run Keyword And Return Status" owner="BuiltIn">
<kw name="Element Should Be Visible" owner="SeleniumLibrary">
<msg time="2026-02-23T10:55:56.649109" level="FAIL">Element with locator 'xpath://button[contains(text(),'Accept')]' not found.</msg>
<arg>xpath://button[contains(text(),'Accept')]</arg>
<doc>Verifies that the element identified by ``locator`` is visible.</doc>
<status status="FAIL" start="2026-02-23T10:55:56.640791" elapsed="0.008318">Element with locator 'xpath://button[contains(text(),'Accept')]' not found.</status>
</kw>
<msg time="2026-02-23T10:55:56.650124" level="INFO">${cookie} = False</msg>
<var>${cookie}</var>
<arg>Element Should Be Visible</arg>
<arg>xpath://button[contains(text(),'Accept')]</arg>
<doc>Runs the specified keyword and returns the status as a Boolean value.</doc>
<status status="PASS" start="2026-02-23T10:55:56.639880" elapsed="0.010244"/>
</kw>
<kw name="Run Keyword If" owner="BuiltIn">
<arg>${cookie}</arg>
<arg>Click Element</arg>
<arg>xpath://button[contains(text(),'Accept')]</arg>
<doc>Runs the given keyword with the given arguments, if ``condition`` is true.</doc>
<status status="PASS" start="2026-02-23T10:55:56.650124" elapsed="0.000000"/>
</kw>
<kw name="Kill All Ads" owner="BasePage">
<kw name="Execute Javascript" owner="SeleniumLibrary">
<msg time="2026-02-23T10:55:56.652216" level="INFO">Executing JavaScript:
(function(){var selectors = ['iframe[src*="google"]','iframe[src*="doubleclick"]','iframe[src*="googlesyndication"]','iframe[id*="aswift"]','iframe[name*="aswift"]','ins.adsbygoogle','div[id*="google_ads"]','div[class*="adsbygoogle"]'];selectors.forEach(function(sel){document.querySelectorAll(sel).forEach(function(el){el.style.display = 'none';el.style.pointerEvents = 'none';el.style.height = '0';el.style.width = '0';});});})();
Without any arguments.</msg>
<arg>(function(){</arg>
<arg>var selectors = [</arg>
<arg>'iframe[src*="google"]',</arg>
<arg>'iframe[src*="doubleclick"]',</arg>
<arg>'iframe[src*="googlesyndication"]',</arg>
<arg>'iframe[id*="aswift"]',</arg>
<arg>'iframe[name*="aswift"]',</arg>
<arg>'ins.adsbygoogle',</arg>
<arg>'div[id*="google_ads"]',</arg>
<arg>'div[class*="adsbygoogle"]'</arg>
<arg>];</arg>
<arg>selectors.forEach(function(sel){</arg>
<arg>document.querySelectorAll(sel).forEach(function(el){</arg>
<arg>el.style.display = 'none';</arg>
<arg>el.style.pointerEvents = 'none';</arg>
<arg>el.style.height = '0';</arg>
<arg>el.style.width = '0';</arg>
<arg>});</arg>
<arg>});</arg>
<arg>})();</arg>
<doc>Executes the given JavaScript code with possible arguments.</doc>
<status status="PASS" start="2026-02-23T10:55:56.651201" elapsed="0.006235"/>
</kw>
<kw name="Sleep" owner="BuiltIn">
<msg time="2026-02-23T10:55:57.166302" level="INFO">Slept 500 milliseconds.</msg>
<arg>0.5s</arg>
<doc>Pauses the test executed for the given time.</doc>
<status status="PASS" start="2026-02-23T10:55:56.658524" elapsed="0.507778"/>
</kw>
<status status="PASS" start="2026-02-23T10:55:56.651201" elapsed="0.516176"/>
</kw>
<kw name="Sleep" owner="BuiltIn">
<msg time="2026-02-23T10:55:57.680469" level="INFO">Slept 500 milliseconds.</msg>
<arg>0.5s</arg>
<doc>Pauses the test executed for the given time.</doc>
<status status="PASS" start="2026-02-23T10:55:57.168386" elapsed="0.512083"/>
</kw>
<status status="PASS" start="2026-02-23T10:55:54.063904" elapsed="3.616565"/>
</kw>
<kw name="Login User" owner="LoginPage">
<kw name="Wait Until Element Is Visible" owner="SeleniumLibrary">
<arg>xpath://h2[text()='Login to your account']</arg>
<arg>15s</arg>
<doc>Waits until the element ``locator`` is visible.</doc>
<status status="PASS" start="2026-02-23T10:55:57.682473" elapsed="0.027289"/>
</kw>
<kw name="Wait Until Element Is Visible" owner="SeleniumLibrary">
<arg>xpath://input[@data-qa='login-email']</arg>
<arg>10s</arg>
<doc>Waits until the element ``locator`` is visible.</doc>
<status status="PASS" start="2026-02-23T10:55:57.709762" elapsed="0.019623"/>
</kw>
<kw name="Type Into Field" owner="BasePage">
<kw name="Wait Until Element Is Visible" owner="SeleniumLibrary">
<arg>${locator}</arg>
<arg>10s</arg>
<doc>Waits until the element ``locator`` is visible.</doc>
<status status="PASS" start="2026-02-23T10:55:57.731387" elapsed="0.015644"/>
</kw>
<kw name="Wait Until Element Is Enabled" owner="SeleniumLibrary">
<arg>${locator}</arg>
<arg>10s</arg>
<doc>Waits until the element ``locator`` is enabled.</doc>
<status status="PASS" start="2026-02-23T10:55:57.747031" elapsed="0.033118"/>
</kw>
<kw name="Scroll Into View" owner="BasePage">
<kw name="Get WebElement" owner="SeleniumLibrary">
<msg time="2026-02-23T10:55:57.790494" level="INFO">${el} = &lt;selenium.webdriver.remote.webelement.WebElement (session="0dc9f90c27757ae333b098acfdf7470c", element="f.C795E0FE8A4AF74BBE4BCDDB91FC9D1D.d.472B82670AE79F16DF2F129DC35C2C6F.e.33")&gt;</msg>
<var>${el}</var>
<arg>${locator}</arg>
<doc>Returns the first WebElement matching the given ``locator``.</doc>
<status status="PASS" start="2026-02-23T10:55:57.781158" elapsed="0.009336"/>
</kw>
<kw name="Execute Javascript" owner="SeleniumLibrary">
<msg time="2026-02-23T10:55:57.791504" level="INFO">Executing JavaScript:
arguments[0].scrollIntoView({behavior:'smooth', block:'center'});
By using argument:
'&lt;selenium.webdriver.remote.webelement.WebElement (session="0dc9f90c27757ae333b098acfdf7470c", element="f.C795E0FE8A4AF74BBE4BCDDB91FC9D1D.d.472B82670AE79F16DF2F129DC35C2C6F.e.33")&gt;'</msg>
<arg>arguments[0].scrollIntoView({behavior:'smooth', block:'center'});</arg>
<arg>ARGUMENTS</arg>
<arg>${el}</arg>
<doc>Executes the given JavaScript code with possible arguments.</doc>
<status status="PASS" start="2026-02-23T10:55:57.791504" elapsed="0.006307"/>
</kw>
<kw name="Sleep" owner="BuiltIn">
<msg time="2026-02-23T10:55:58.203629" level="INFO">Slept 400 milliseconds.</msg>
<arg>0.4s</arg>
<doc>Pauses the test executed for the given time.</doc>
<status status="PASS" start="2026-02-23T10:55:57.797811" elapsed="0.405818"/>
</kw>
<arg>${locator}</arg>
<status status="PASS" start="2026-02-23T10:55:57.780149" elapsed="0.423984"/>
</kw>
<kw name="Click Element" owner="SeleniumLibrary">
<msg time="2026-02-23T10:55:58.205507" level="INFO">Clicking element 'xpath://input[@data-qa='login-email']'.</msg>
<arg>${locator}</arg>
<doc>Click the element identified by ``locator``.</doc>
<status status="PASS" start="2026-02-23T10:55:58.204133" elapsed="0.138725"/>
</kw>
<kw name="Get WebElement" owner="SeleniumLibrary">
<msg time="2026-02-23T10:55:58.353738" level="INFO">${el} = &lt;selenium.webdriver.remote.webelement.WebElement (session="0dc9f90c27757ae333b098acfdf7470c", element="f.C795E0FE8A4AF74BBE4BCDDB91FC9D1D.d.472B82670AE79F16DF2F129DC35C2C6F.e.33")&gt;</msg>
<var>${el}</var>
<arg>${locator}</arg>
<doc>Returns the first WebElement matching the given ``locator``.</doc>
<status status="PASS" start="2026-02-23T10:55:58.343867" elapsed="0.009871"/>
</kw>
<kw name="Execute Javascript" owner="SeleniumLibrary">
<msg time="2026-02-23T10:55:58.354754" level="INFO">Executing JavaScript:
var el = arguments[0];var setter = Object.getOwnPropertyDescriptor(window.HTMLInputElement.prototype, 'value').set;setter.call(el, arguments[1]);el.dispatchEvent(new Event('input',{ bubbles: true }));el.dispatchEvent(new Event('change', { bubbles: true }));
By using arguments:
'&lt;selenium.webdriver.remote.webelement.WebElement (session="0dc9f90c27757ae333b098acfdf7470c", element="f.C795E0FE8A4AF74BBE4BCDDB91FC9D1D.d.472B82670AE79F16DF2F129DC35C2C6F.e.33")&gt;' and 'gowtham.test001@yopmail.com'</msg>
<arg>var el = arguments[0];</arg>
<arg>var setter = Object.getOwnPropertyDescriptor(window.HTMLInputElement.prototype, 'value').set;</arg>
<arg>setter.call(el, arguments[1]);</arg>
<arg>el.dispatchEvent(new Event('input',</arg>
<arg>{ bubbles: true }));</arg>
<arg>el.dispatchEvent(new Event('change', { bubbles: true }));</arg>
<arg>ARGUMENTS</arg>
<arg>${el}</arg>
<arg>${value}</arg>
<doc>Executes the given JavaScript code with possible arguments.</doc>
<status status="PASS" start="2026-02-23T10:55:58.353738" elapsed="0.014186"/>
</kw>
<kw name="Log" owner="BuiltIn">
<msg time="2026-02-23T10:55:58.371431" level="INFO">✓ Typed 'gowtham.test001@yopmail.com' into xpath://input[@data-qa='login-email']</msg>
<arg>✓ Typed '${value}' into ${locator}</arg>
<doc>Logs the given message with the given level.</doc>
<status status="PASS" start="2026-02-23T10:55:58.370281" elapsed="0.001150"/>
</kw>
<arg>xpath://input[@data-qa='login-email']</arg>
<arg>${email}</arg>
<status status="PASS" start="2026-02-23T10:55:57.730384" elapsed="0.641047"/>
</kw>
<kw name="Type Into Field" owner="BasePage">
<kw name="Wait Until Element Is Visible" owner="SeleniumLibrary">
<arg>${locator}</arg>
<arg>10s</arg>
<doc>Waits until the element ``locator`` is visible.</doc>
<status status="PASS" start="2026-02-23T10:55:58.371967" elapsed="0.028641"/>
</kw>
<kw name="Wait Until Element Is Enabled" owner="SeleniumLibrary">
<arg>${locator}</arg>
<arg>10s</arg>
<doc>Waits until the element ``locator`` is enabled.</doc>
<status status="PASS" start="2026-02-23T10:55:58.400608" elapsed="0.023919"/>
</kw>
<kw name="Scroll Into View" owner="BasePage">
<kw name="Get WebElement" owner="SeleniumLibrary">
<msg time="2026-02-23T10:55:58.444828" level="INFO">${el} = &lt;selenium.webdriver.remote.webelement.WebElement (session="0dc9f90c27757ae333b098acfdf7470c", element="f.C795E0FE8A4AF74BBE4BCDDB91FC9D1D.d.472B82670AE79F16DF2F129DC35C2C6F.e.34")&gt;</msg>
<var>${el}</var>
<arg>${locator}</arg>
<doc>Returns the first WebElement matching the given ``locator``.</doc>
<status status="PASS" start="2026-02-23T10:55:58.428120" elapsed="0.016708"/>
</kw>
<kw name="Execute Javascript" owner="SeleniumLibrary">
<msg time="2026-02-23T10:55:58.447835" level="INFO">Executing JavaScript:
arguments[0].scrollIntoView({behavior:'smooth', block:'center'});
By using argument:
'&lt;selenium.webdriver.remote.webelement.WebElement (session="0dc9f90c27757ae333b098acfdf7470c", element="f.C795E0FE8A4AF74BBE4BCDDB91FC9D1D.d.472B82670AE79F16DF2F129DC35C2C6F.e.34")&gt;'</msg>
<arg>arguments[0].scrollIntoView({behavior:'smooth', block:'center'});</arg>
<arg>ARGUMENTS</arg>
<arg>${el}</arg>
<doc>Executes the given JavaScript code with possible arguments.</doc>
<status status="PASS" start="2026-02-23T10:55:58.444828" elapsed="0.035451"/>
</kw>
<kw name="Sleep" owner="BuiltIn">
<msg time="2026-02-23T10:55:58.890607" level="INFO">Slept 400 milliseconds.</msg>
<arg>0.4s</arg>
<doc>Pauses the test executed for the given time.</doc>
<status status="PASS" start="2026-02-23T10:55:58.480279" elapsed="0.410328"/>
</kw>
<arg>${locator}</arg>
<status status="PASS" start="2026-02-23T10:55:58.425841" elapsed="0.465642"/>
</kw>
<kw name="Click Element" owner="SeleniumLibrary">
<msg time="2026-02-23T10:55:58.892828" level="INFO">Clicking element 'xpath://input[@data-qa='login-password']'.</msg>
<arg>${locator}</arg>
<doc>Click the element identified by ``locator``.</doc>
<status status="PASS" start="2026-02-23T10:55:58.891483" elapsed="0.086924"/>
</kw>
<kw name="Get WebElement" owner="SeleniumLibrary">
<msg time="2026-02-23T10:55:58.987918" level="INFO">${el} = &lt;selenium.webdriver.remote.webelement.WebElement (session="0dc9f90c27757ae333b098acfdf7470c", element="f.C795E0FE8A4AF74BBE4BCDDB91FC9D1D.d.472B82670AE79F16DF2F129DC35C2C6F.e.34")&gt;</msg>
<var>${el}</var>
<arg>${locator}</arg>
<doc>Returns the first WebElement matching the given ``locator``.</doc>
<status status="PASS" start="2026-02-23T10:55:58.978407" elapsed="0.009511"/>
</kw>
<kw name="Execute Javascript" owner="SeleniumLibrary">
<msg time="2026-02-23T10:55:58.988939" level="INFO">Executing JavaScript:
var el = arguments[0];var setter = Object.getOwnPropertyDescriptor(window.HTMLInputElement.prototype, 'value').set;setter.call(el, arguments[1]);el.dispatchEvent(new Event('input',{ bubbles: true }));el.dispatchEvent(new Event('change', { bubbles: true }));
By using arguments:
'&lt;selenium.webdriver.remote.webelement.WebElement (session="0dc9f90c27757ae333b098acfdf7470c", element="f.C795E0FE8A4AF74BBE4BCDDB91FC9D1D.d.472B82670AE79F16DF2F129DC35C2C6F.e.34")&gt;' and 'Test@1234'</msg>
<arg>var el = arguments[0];</arg>
<arg>var setter = Object.getOwnPropertyDescriptor(window.HTMLInputElement.prototype, 'value').set;</arg>
<arg>setter.call(el, arguments[1]);</arg>
<arg>el.dispatchEvent(new Event('input',</arg>
<arg>{ bubbles: true }));</arg>
<arg>el.dispatchEvent(new Event('change', { bubbles: true }));</arg>
<arg>ARGUMENTS</arg>
<arg>${el}</arg>
<arg>${value}</arg>
<doc>Executes the given JavaScript code with possible arguments.</doc>
<status status="PASS" start="2026-02-23T10:55:58.987918" elapsed="0.009721"/>
</kw>
<kw name="Log" owner="BuiltIn">
<msg time="2026-02-23T10:55:58.997639" level="INFO">✓ Typed 'Test@1234' into xpath://input[@data-qa='login-password']</msg>
<arg>✓ Typed '${value}' into ${locator}</arg>
<doc>Logs the given message with the given level.</doc>
<status status="PASS" start="2026-02-23T10:55:58.997639" elapsed="0.000000"/>
</kw>
<arg>xpath://input[@data-qa='login-password']</arg>
<arg>${password}</arg>
<status status="PASS" start="2026-02-23T10:55:58.371967" elapsed="0.625672"/>
</kw>
<kw name="Safe Click" owner="BasePage">
<kw name="Kill All Ads" owner="BasePage">
<kw name="Execute Javascript" owner="SeleniumLibrary">
<msg time="2026-02-23T10:55:58.998648" level="INFO">Executing JavaScript:
(function(){var selectors = ['iframe[src*="google"]','iframe[src*="doubleclick"]','iframe[src*="googlesyndication"]','iframe[id*="aswift"]','iframe[name*="aswift"]','ins.adsbygoogle','div[id*="google_ads"]','div[class*="adsbygoogle"]'];selectors.forEach(function(sel){document.querySelectorAll(sel).forEach(function(el){el.style.display = 'none';el.style.pointerEvents = 'none';el.style.height = '0';el.style.width = '0';});});})();
Without any arguments.</msg>
<arg>(function(){</arg>
<arg>var selectors = [</arg>
<arg>'iframe[src*="google"]',</arg>
<arg>'iframe[src*="doubleclick"]',</arg>
<arg>'iframe[src*="googlesyndication"]',</arg>
<arg>'iframe[id*="aswift"]',</arg>
<arg>'iframe[name*="aswift"]',</arg>
<arg>'ins.adsbygoogle',</arg>
<arg>'div[id*="google_ads"]',</arg>
<arg>'div[class*="adsbygoogle"]'</arg>
<arg>];</arg>
<arg>selectors.forEach(function(sel){</arg>
<arg>document.querySelectorAll(sel).forEach(function(el){</arg>
<arg>el.style.display = 'none';</arg>
<arg>el.style.pointerEvents = 'none';</arg>
<arg>el.style.height = '0';</arg>
<arg>el.style.width = '0';</arg>
<arg>});</arg>
<arg>});</arg>
<arg>})();</arg>
<doc>Executes the given JavaScript code with possible arguments.</doc>
<status status="PASS" start="2026-02-23T10:55:58.998648" elapsed="0.013308"/>
</kw>
<kw name="Sleep" owner="BuiltIn">
<msg time="2026-02-23T10:55:59.526680" level="INFO">Slept 500 milliseconds.</msg>
<arg>0.5s</arg>
<doc>Pauses the test executed for the given time.</doc>
<status status="PASS" start="2026-02-23T10:55:59.011956" elapsed="0.514724"/>
</kw>
<status status="PASS" start="2026-02-23T10:55:58.998648" elapsed="0.529086"/>
</kw>
<kw name="Wait Until Element Is Visible" owner="SeleniumLibrary">
<arg>${locator}</arg>
<arg>15s</arg>
<doc>Waits until the element ``locator`` is visible.</doc>
<status status="PASS" start="2026-02-23T10:55:59.527734" elapsed="0.023067"/>
</kw>
<kw name="Scroll Into View" owner="BasePage">
<kw name="Get WebElement" owner="SeleniumLibrary">
<msg time="2026-02-23T10:55:59.560773" level="INFO">${el} = &lt;selenium.webdriver.remote.webelement.WebElement (session="0dc9f90c27757ae333b098acfdf7470c", element="f.C795E0FE8A4AF74BBE4BCDDB91FC9D1D.d.472B82670AE79F16DF2F129DC35C2C6F.e.41")&gt;</msg>
<var>${el}</var>
<arg>${locator}</arg>
<doc>Returns the first WebElement matching the given ``locator``.</doc>
<status status="PASS" start="2026-02-23T10:55:59.552811" elapsed="0.007962"/>
</kw>
<kw name="Execute Javascript" owner="SeleniumLibrary">
<msg time="2026-02-23T10:55:59.560773" level="INFO">Executing JavaScript:
arguments[0].scrollIntoView({behavior:'smooth', block:'center'});
By using argument:
'&lt;selenium.webdriver.remote.webelement.WebElement (session="0dc9f90c27757ae333b098acfdf7470c", element="f.C795E0FE8A4AF74BBE4BCDDB91FC9D1D.d.472B82670AE79F16DF2F129DC35C2C6F.e.41")&gt;'</msg>
<arg>arguments[0].scrollIntoView({behavior:'smooth', block:'center'});</arg>
<arg>ARGUMENTS</arg>
<arg>${el}</arg>
<doc>Executes the given JavaScript code with possible arguments.</doc>
<status status="PASS" start="2026-02-23T10:55:59.560773" elapsed="0.008033"/>
</kw>
<kw name="Sleep" owner="BuiltIn">
<msg time="2026-02-23T10:55:59.971623" level="INFO">Slept 400 milliseconds.</msg>
<arg>0.4s</arg>
<doc>Pauses the test executed for the given time.</doc>
<status status="PASS" start="2026-02-23T10:55:59.568806" elapsed="0.402817"/>
</kw>
<arg>${locator}</arg>
<status status="PASS" start="2026-02-23T10:55:59.551811" elapsed="0.419812"/>
</kw>
<kw name="Kill All Ads" owner="BasePage">
<kw name="Execute Javascript" owner="SeleniumLibrary">
<msg time="2026-02-23T10:55:59.979855" level="INFO">Executing JavaScript:
(function(){var selectors = ['iframe[src*="google"]','iframe[src*="doubleclick"]','iframe[src*="googlesyndication"]','iframe[id*="aswift"]','iframe[name*="aswift"]','ins.adsbygoogle','div[id*="google_ads"]','div[class*="adsbygoogle"]'];selectors.forEach(function(sel){document.querySelectorAll(sel).forEach(function(el){el.style.display = 'none';el.style.pointerEvents = 'none';el.style.height = '0';el.style.width = '0';});});})();
Without any arguments.</msg>
<arg>(function(){</arg>
<arg>var selectors = [</arg>
<arg>'iframe[src*="google"]',</arg>
<arg>'iframe[src*="doubleclick"]',</arg>
<arg>'iframe[src*="googlesyndication"]',</arg>
<arg>'iframe[id*="aswift"]',</arg>
<arg>'iframe[name*="aswift"]',</arg>
<arg>'ins.adsbygoogle',</arg>
<arg>'div[id*="google_ads"]',</arg>
<arg>'div[class*="adsbygoogle"]'</arg>
<arg>];</arg>
<arg>selectors.forEach(function(sel){</arg>
<arg>document.querySelectorAll(sel).forEach(function(el){</arg>
<arg>el.style.display = 'none';</arg>
<arg>el.style.pointerEvents = 'none';</arg>
<arg>el.style.height = '0';</arg>
<arg>el.style.width = '0';</arg>
<arg>});</arg>
<arg>});</arg>
<arg>})();</arg>
<doc>Executes the given JavaScript code with possible arguments.</doc>
<status status="PASS" start="2026-02-23T10:55:59.977836" elapsed="0.011799"/>
</kw>
<kw name="Sleep" owner="BuiltIn">
<msg time="2026-02-23T10:56:00.498592" level="INFO">Slept 500 milliseconds.</msg>
<arg>0.5s</arg>
<doc>Pauses the test executed for the given time.</doc>
<status status="PASS" start="2026-02-23T10:55:59.989635" elapsed="0.508957"/>
</kw>
<status status="PASS" start="2026-02-23T10:55:59.973427" elapsed="0.526178"/>
</kw>
<kw name="Get WebElement" owner="SeleniumLibrary">
<msg time="2026-02-23T10:56:00.516468" level="INFO">${el} = &lt;selenium.webdriver.remote.webelement.WebElement (session="0dc9f90c27757ae333b098acfdf7470c", element="f.C795E0FE8A4AF74BBE4BCDDB91FC9D1D.d.472B82670AE79F16DF2F129DC35C2C6F.e.41")&gt;</msg>
<var>${el}</var>
<arg>${locator}</arg>
<doc>Returns the first WebElement matching the given ``locator``.</doc>
<status status="PASS" start="2026-02-23T10:56:00.499605" elapsed="0.016863"/>
</kw>
<kw name="Execute Javascript" owner="SeleniumLibrary">
<msg time="2026-02-23T10:56:00.517471" level="INFO">Executing JavaScript:
arguments[0].click();
By using argument:
'&lt;selenium.webdriver.remote.webelement.WebElement (session="0dc9f90c27757ae333b098acfdf7470c", element="f.C795E0FE8A4AF74BBE4BCDDB91FC9D1D.d.472B82670AE79F16DF2F129DC35C2C6F.e.41")&gt;'</msg>
<arg>arguments[0].click();</arg>
<arg>ARGUMENTS</arg>
<arg>${el}</arg>
<doc>Executes the given JavaScript code with possible arguments.</doc>
<status status="PASS" start="2026-02-23T10:56:00.516468" elapsed="13.222256"/>
</kw>
<kw name="Log" owner="BuiltIn">
<msg time="2026-02-23T10:56:13.740276" level="INFO">✓ Safe clicked: xpath://button[@data-qa='login-button']</msg>
<arg>✓ Safe clicked: ${locator}</arg>
<doc>Logs the given message with the given level.</doc>
<status status="PASS" start="2026-02-23T10:56:13.739266" elapsed="0.001010"/>
</kw>
<arg>xpath://button[@data-qa='login-button']</arg>
<status status="PASS" start="2026-02-23T10:55:58.998648" elapsed="14.741628"/>
</kw>
<kw name="Log" owner="BuiltIn">
<msg time="2026-02-23T10:56:13.741275" level="INFO">✓ Login submitted for: gowtham.test001@yopmail.com</msg>
<arg>✓ Login submitted for: ${email}</arg>
<doc>Logs the given message with the given level.</doc>
<status status="PASS" start="2026-02-23T10:56:13.740276" elapsed="0.000999"/>
</kw>
<arg>${user}[email]</arg>
<arg>${user}[password]</arg>
<status status="PASS" start="2026-02-23T10:55:57.681468" elapsed="16.059807"/>
</kw>
<kw name="Verify Logged In As" owner="LoginPage">
<kw name="Wait Until Element Is Visible" owner="SeleniumLibrary">
<arg>xpath://li/a[contains(.,'Logged in as')]</arg>
<arg>15s</arg>
<doc>Waits until the element ``locator`` is visible.</doc>
<status status="PASS" start="2026-02-23T10:56:13.743886" elapsed="0.059518"/>
</kw>
<kw name="Element Should Contain" owner="SeleniumLibrary">
<msg time="2026-02-23T10:56:13.852830" level="INFO">Element 'xpath://li/a[contains(.,'Logged in as')]' contains text 'gowtham'.</msg>
<arg>xpath://li/a[contains(.,'Logged in as')]</arg>
<arg>${name}</arg>
<doc>Verifies that element ``locator`` contains text ``expected``.</doc>
<status status="PASS" start="2026-02-23T10:56:13.804411" elapsed="0.048419"/>
</kw>
<kw name="Log" owner="BuiltIn">
<msg time="2026-02-23T10:56:13.853843" level="INFO">✓ Logged in as: gowtham</msg>
<arg>✓ Logged in as: ${name}</arg>
<doc>Logs the given message with the given level.</doc>
<status status="PASS" start="2026-02-23T10:56:13.852830" elapsed="0.001013"/>
</kw>
<arg>${user}[name]</arg>
<status status="PASS" start="2026-02-23T10:56:13.741275" elapsed="0.112568"/>
</kw>
<kw name="Log" owner="BuiltIn">
<msg time="2026-02-23T10:56:13.854851" level="INFO">✓ Logged in: gowtham</msg>
<arg>✓ Logged in: ${user}[name]</arg>
<doc>Logs the given message with the given level.</doc>
<status status="PASS" start="2026-02-23T10:56:13.853843" elapsed="0.001008"/>
</kw>
<kw name="Dismiss Ads And Overlays" owner="BasePage">
<kw name="Sleep" owner="BuiltIn">
<msg time="2026-02-23T10:56:15.860467" level="INFO">Slept 2 seconds.</msg>
<arg>2s</arg>
<doc>Pauses the test executed for the given time.</doc>
<status status="PASS" start="2026-02-23T10:56:13.855851" elapsed="2.004616"/>
</kw>
<kw name="Kill All Ads" owner="BasePage">
<kw name="Execute Javascript" owner="SeleniumLibrary">
<msg time="2026-02-23T10:56:15.864463" level="INFO">Executing JavaScript:
(function(){var selectors = ['iframe[src*="google"]','iframe[src*="doubleclick"]','iframe[src*="googlesyndication"]','iframe[id*="aswift"]','iframe[name*="aswift"]','ins.adsbygoogle','div[id*="google_ads"]','div[class*="adsbygoogle"]'];selectors.forEach(function(sel){document.querySelectorAll(sel).forEach(function(el){el.style.display = 'none';el.style.pointerEvents = 'none';el.style.height = '0';el.style.width = '0';});});})();
Without any arguments.</msg>
<arg>(function(){</arg>
<arg>var selectors = [</arg>
<arg>'iframe[src*="google"]',</arg>
<arg>'iframe[src*="doubleclick"]',</arg>
<arg>'iframe[src*="googlesyndication"]',</arg>
<arg>'iframe[id*="aswift"]',</arg>
<arg>'iframe[name*="aswift"]',</arg>
<arg>'ins.adsbygoogle',</arg>
<arg>'div[id*="google_ads"]',</arg>
<arg>'div[class*="adsbygoogle"]'</arg>
<arg>];</arg>
<arg>selectors.forEach(function(sel){</arg>
<arg>document.querySelectorAll(sel).forEach(function(el){</arg>
<arg>el.style.display = 'none';</arg>
<arg>el.style.pointerEvents = 'none';</arg>
<arg>el.style.height = '0';</arg>
<arg>el.style.width = '0';</arg>
<arg>});</arg>
<arg>});</arg>
<arg>})();</arg>
<doc>Executes the given JavaScript code with possible arguments.</doc>
<status status="PASS" start="2026-02-23T10:56:15.861939" elapsed="0.028466"/>
</kw>
<kw name="Sleep" owner="BuiltIn">
<msg time="2026-02-23T10:56:16.402951" level="INFO">Slept 500 milliseconds.</msg>
<arg>0.5s</arg>
<doc>Pauses the test executed for the given time.</doc>
<status status="PASS" start="2026-02-23T10:56:15.891404" elapsed="0.512058"/>
</kw>
<status status="PASS" start="2026-02-23T10:56:15.861939" elapsed="0.542877"/>
</kw>
<kw name="Run Keyword And Return Status" owner="BuiltIn">
<kw name="Element Should Be Visible" owner="SeleniumLibrary">
<msg time="2026-02-23T10:56:16.425728" level="FAIL">Element with locator 'id=dismiss-button' not found.</msg>
<arg>id=dismiss-button</arg>
<doc>Verifies that the element identified by ``locator`` is visible.</doc>
<status status="FAIL" start="2026-02-23T10:56:16.407960" elapsed="0.019780">Element with locator 'id=dismiss-button' not found.</status>
</kw>
<msg time="2026-02-23T10:56:16.427740" level="INFO">${vignette} = False</msg>
<var>${vignette}</var>
<arg>Element Should Be Visible</arg>
<arg>id=dismiss-button</arg>
<doc>Runs the specified keyword and returns the status as a Boolean value.</doc>
<status status="PASS" start="2026-02-23T10:56:16.404816" elapsed="0.022924"/>
</kw>
<kw name="Run Keyword If" owner="BuiltIn">
<arg>${vignette}</arg>
<arg>Click Element</arg>
<arg>id=dismiss-button</arg>
<doc>Runs the given keyword with the given arguments, if ``condition`` is true.</doc>
<status status="PASS" start="2026-02-23T10:56:16.428751" elapsed="0.001049"/>
</kw>
<kw name="Run Keyword And Return Status" owner="BuiltIn">
<kw name="Element Should Be Visible" owner="SeleniumLibrary">
<msg time="2026-02-23T10:56:16.444093" level="FAIL">Element with locator 'xpath://button[contains(text(),'Accept')]' not found.</msg>
<arg>xpath://button[contains(text(),'Accept')]</arg>
<doc>Verifies that the element identified by ``locator`` is visible.</doc>
<status status="FAIL" start="2026-02-23T10:56:16.430812" elapsed="0.014288">Element with locator 'xpath://button[contains(text(),'Accept')]' not found.</status>
</kw>
<msg time="2026-02-23T10:56:16.446606" level="INFO">${cookie} = False</msg>
<var>${cookie}</var>
<arg>Element Should Be Visible</arg>
<arg>xpath://button[contains(text(),'Accept')]</arg>
<doc>Runs the specified keyword and returns the status as a Boolean value.</doc>
<status status="PASS" start="2026-02-23T10:56:16.429800" elapsed="0.016806"/>
</kw>
<kw name="Run Keyword If" owner="BuiltIn">
<arg>${cookie}</arg>
<arg>Click Element</arg>
<arg>xpath://button[contains(text(),'Accept')]</arg>
<doc>Runs the given keyword with the given arguments, if ``condition`` is true.</doc>
<status status="PASS" start="2026-02-23T10:56:16.446606" elapsed="0.001013"/>
</kw>
<kw name="Kill All Ads" owner="BasePage">
<kw name="Execute Javascript" owner="SeleniumLibrary">
<msg time="2026-02-23T10:56:16.455786" level="INFO">Executing JavaScript:
(function(){var selectors = ['iframe[src*="google"]','iframe[src*="doubleclick"]','iframe[src*="googlesyndication"]','iframe[id*="aswift"]','iframe[name*="aswift"]','ins.adsbygoogle','div[id*="google_ads"]','div[class*="adsbygoogle"]'];selectors.forEach(function(sel){document.querySelectorAll(sel).forEach(function(el){el.style.display = 'none';el.style.pointerEvents = 'none';el.style.height = '0';el.style.width = '0';});});})();
Without any arguments.</msg>
<arg>(function(){</arg>
<arg>var selectors = [</arg>
<arg>'iframe[src*="google"]',</arg>
<arg>'iframe[src*="doubleclick"]',</arg>
<arg>'iframe[src*="googlesyndication"]',</arg>
<arg>'iframe[id*="aswift"]',</arg>
<arg>'iframe[name*="aswift"]',</arg>
<arg>'ins.adsbygoogle',</arg>
<arg>'div[id*="google_ads"]',</arg>
<arg>'div[class*="adsbygoogle"]'</arg>
<arg>];</arg>
<arg>selectors.forEach(function(sel){</arg>
<arg>document.querySelectorAll(sel).forEach(function(el){</arg>
<arg>el.style.display = 'none';</arg>
<arg>el.style.pointerEvents = 'none';</arg>
<arg>el.style.height = '0';</arg>
<arg>el.style.width = '0';</arg>
<arg>});</arg>
<arg>});</arg>
<arg>})();</arg>
<doc>Executes the given JavaScript code with possible arguments.</doc>
<status status="PASS" start="2026-02-23T10:56:16.448635" elapsed="0.019749"/>
</kw>
<kw name="Sleep" owner="BuiltIn">
<msg time="2026-02-23T10:56:16.975848" level="INFO">Slept 500 milliseconds.</msg>
<arg>0.5s</arg>
<doc>Pauses the test executed for the given time.</doc>
<status status="PASS" start="2026-02-23T10:56:16.468384" elapsed="0.508471"/>
</kw>
<status status="PASS" start="2026-02-23T10:56:16.447619" elapsed="0.529236"/>
</kw>
<kw name="Sleep" owner="BuiltIn">
<msg time="2026-02-23T10:56:17.488450" level="INFO">Slept 500 milliseconds.</msg>
<arg>0.5s</arg>
<doc>Pauses the test executed for the given time.</doc>
<status status="PASS" start="2026-02-23T10:56:16.977856" elapsed="0.511316"/>
</kw>
<status status="PASS" start="2026-02-23T10:56:13.855851" elapsed="3.633321"/>
</kw>
<kw name="Navigate To Products Page" owner="HomePage">
<kw name="Kill All Ads" owner="BasePage">
<kw name="Execute Javascript" owner="SeleniumLibrary">
<msg time="2026-02-23T10:56:17.490626" level="INFO">Executing JavaScript:
(function(){var selectors = ['iframe[src*="google"]','iframe[src*="doubleclick"]','iframe[src*="googlesyndication"]','iframe[id*="aswift"]','iframe[name*="aswift"]','ins.adsbygoogle','div[id*="google_ads"]','div[class*="adsbygoogle"]'];selectors.forEach(function(sel){document.querySelectorAll(sel).forEach(function(el){el.style.display = 'none';el.style.pointerEvents = 'none';el.style.height = '0';el.style.width = '0';});});})();
Without any arguments.</msg>
<arg>(function(){</arg>
<arg>var selectors = [</arg>
<arg>'iframe[src*="google"]',</arg>
<arg>'iframe[src*="doubleclick"]',</arg>
<arg>'iframe[src*="googlesyndication"]',</arg>
<arg>'iframe[id*="aswift"]',</arg>
<arg>'iframe[name*="aswift"]',</arg>
<arg>'ins.adsbygoogle',</arg>
<arg>'div[id*="google_ads"]',</arg>
<arg>'div[class*="adsbygoogle"]'</arg>
<arg>];</arg>
<arg>selectors.forEach(function(sel){</arg>
<arg>document.querySelectorAll(sel).forEach(function(el){</arg>
<arg>el.style.display = 'none';</arg>
<arg>el.style.pointerEvents = 'none';</arg>
<arg>el.style.height = '0';</arg>
<arg>el.style.width = '0';</arg>
<arg>});</arg>
<arg>});</arg>
<arg>})();</arg>
<doc>Executes the given JavaScript code with possible arguments.</doc>
<status status="PASS" start="2026-02-23T10:56:17.490626" elapsed="0.023810"/>
</kw>
<kw name="Sleep" owner="BuiltIn">
<msg time="2026-02-23T10:56:18.028507" level="INFO">Slept 500 milliseconds.</msg>
<arg>0.5s</arg>
<doc>Pauses the test executed for the given time.</doc>
<status status="PASS" start="2026-02-23T10:56:17.515434" elapsed="0.513073"/>
</kw>
<status status="PASS" start="2026-02-23T10:56:17.489172" elapsed="0.540345"/>
</kw>
<kw name="Wait Until Element Is Visible" owner="SeleniumLibrary">
<arg>xpath://a[@href='/products']</arg>
<arg>10s</arg>
<doc>Waits until the element ``locator`` is visible.</doc>
<status status="PASS" start="2026-02-23T10:56:18.029517" elapsed="0.031261"/>
</kw>
<kw name="Safe Click" owner="BasePage">
<kw name="Kill All Ads" owner="BasePage">
<kw name="Execute Javascript" owner="SeleniumLibrary">
<msg time="2026-02-23T10:56:18.063042" level="INFO">Executing JavaScript:
(function(){var selectors = ['iframe[src*="google"]','iframe[src*="doubleclick"]','iframe[src*="googlesyndication"]','iframe[id*="aswift"]','iframe[name*="aswift"]','ins.adsbygoogle','div[id*="google_ads"]','div[class*="adsbygoogle"]'];selectors.forEach(function(sel){document.querySelectorAll(sel).forEach(function(el){el.style.display = 'none';el.style.pointerEvents = 'none';el.style.height = '0';el.style.width = '0';});});})();
Without any arguments.</msg>
<arg>(function(){</arg>
<arg>var selectors = [</arg>
<arg>'iframe[src*="google"]',</arg>
<arg>'iframe[src*="doubleclick"]',</arg>
<arg>'iframe[src*="googlesyndication"]',</arg>
<arg>'iframe[id*="aswift"]',</arg>
<arg>'iframe[name*="aswift"]',</arg>
<arg>'ins.adsbygoogle',</arg>
<arg>'div[id*="google_ads"]',</arg>
<arg>'div[class*="adsbygoogle"]'</arg>
<arg>];</arg>
<arg>selectors.forEach(function(sel){</arg>
<arg>document.querySelectorAll(sel).forEach(function(el){</arg>
<arg>el.style.display = 'none';</arg>
<arg>el.style.pointerEvents = 'none';</arg>
<arg>el.style.height = '0';</arg>
<arg>el.style.width = '0';</arg>
<arg>});</arg>
<arg>});</arg>
<arg>})();</arg>
<doc>Executes the given JavaScript code with possible arguments.</doc>
<status status="PASS" start="2026-02-23T10:56:18.061777" elapsed="0.007296"/>
</kw>
<kw name="Sleep" owner="BuiltIn">
<msg time="2026-02-23T10:56:18.584537" level="INFO">Slept 500 milliseconds.</msg>
<arg>0.5s</arg>
<doc>Pauses the test executed for the given time.</doc>
<status status="PASS" start="2026-02-23T10:56:18.070050" elapsed="0.516549"/>
</kw>
<status status="PASS" start="2026-02-23T10:56:18.061777" elapsed="0.524822"/>
</kw>
<kw name="Wait Until Element Is Visible" owner="SeleniumLibrary">
<arg>${locator}</arg>
<arg>15s</arg>
<doc>Waits until the element ``locator`` is visible.</doc>
<status status="PASS" start="2026-02-23T10:56:18.587607" elapsed="0.019057"/>
</kw>
<kw name="Scroll Into View" owner="BasePage">
<kw name="Get WebElement" owner="SeleniumLibrary">
<msg time="2026-02-23T10:56:18.617637" level="INFO">${el} = &lt;selenium.webdriver.remote.webelement.WebElement (session="0dc9f90c27757ae333b098acfdf7470c", element="f.C795E0FE8A4AF74BBE4BCDDB91FC9D1D.d.E6EFF7B3E61A54C30741055907570D22.e.82")&gt;</msg>
<var>${el}</var>
<arg>${locator}</arg>
<doc>Returns the first WebElement matching the given ``locator``.</doc>
<status status="PASS" start="2026-02-23T10:56:18.607676" elapsed="0.009961"/>
</kw>
<kw name="Execute Javascript" owner="SeleniumLibrary">
<msg time="2026-02-23T10:56:18.617637" level="INFO">Executing JavaScript:
arguments[0].scrollIntoView({behavior:'smooth', block:'center'});
By using argument:
'&lt;selenium.webdriver.remote.webelement.WebElement (session="0dc9f90c27757ae333b098acfdf7470c", element="f.C795E0FE8A4AF74BBE4BCDDB91FC9D1D.d.E6EFF7B3E61A54C30741055907570D22.e.82")&gt;'</msg>
<arg>arguments[0].scrollIntoView({behavior:'smooth', block:'center'});</arg>
<arg>ARGUMENTS</arg>
<arg>${el}</arg>
<doc>Executes the given JavaScript code with possible arguments.</doc>
<status status="PASS" start="2026-02-23T10:56:18.617637" elapsed="0.008429"/>
</kw>
<kw name="Sleep" owner="BuiltIn">
<msg time="2026-02-23T10:56:19.027379" level="INFO">Slept 400 milliseconds.</msg>
<arg>0.4s</arg>
<doc>Pauses the test executed for the given time.</doc>
<status status="PASS" start="2026-02-23T10:56:18.626066" elapsed="0.402310"/>
</kw>
<arg>${locator}</arg>
<status status="PASS" start="2026-02-23T10:56:18.607676" elapsed="0.420700"/>
</kw>
<kw name="Kill All Ads" owner="BasePage">
<kw name="Execute Javascript" owner="SeleniumLibrary">
<msg time="2026-02-23T10:56:19.030389" level="INFO">Executing JavaScript:
(function(){var selectors = ['iframe[src*="google"]','iframe[src*="doubleclick"]','iframe[src*="googlesyndication"]','iframe[id*="aswift"]','iframe[name*="aswift"]','ins.adsbygoogle','div[id*="google_ads"]','div[class*="adsbygoogle"]'];selectors.forEach(function(sel){document.querySelectorAll(sel).forEach(function(el){el.style.display = 'none';el.style.pointerEvents = 'none';el.style.height = '0';el.style.width = '0';});});})();
Without any arguments.</msg>
<arg>(function(){</arg>
<arg>var selectors = [</arg>
<arg>'iframe[src*="google"]',</arg>
<arg>'iframe[src*="doubleclick"]',</arg>
<arg>'iframe[src*="googlesyndication"]',</arg>
<arg>'iframe[id*="aswift"]',</arg>
<arg>'iframe[name*="aswift"]',</arg>
<arg>'ins.adsbygoogle',</arg>
<arg>'div[id*="google_ads"]',</arg>
<arg>'div[class*="adsbygoogle"]'</arg>
<arg>];</arg>
<arg>selectors.forEach(function(sel){</arg>
<arg>document.querySelectorAll(sel).forEach(function(el){</arg>
<arg>el.style.display = 'none';</arg>
<arg>el.style.pointerEvents = 'none';</arg>
<arg>el.style.height = '0';</arg>
<arg>el.style.width = '0';</arg>
<arg>});</arg>
<arg>});</arg>
<arg>})();</arg>
<doc>Executes the given JavaScript code with possible arguments.</doc>
<status status="PASS" start="2026-02-23T10:56:19.029389" elapsed="0.158708"/>
</kw>
<kw name="Sleep" owner="BuiltIn">
<msg time="2026-02-23T10:56:19.697644" level="INFO">Slept 500 milliseconds.</msg>
<arg>0.5s</arg>
<doc>Pauses the test executed for the given time.</doc>
<status status="PASS" start="2026-02-23T10:56:19.189565" elapsed="0.508079"/>
</kw>
<status status="PASS" start="2026-02-23T10:56:19.029389" elapsed="0.668255"/>
</kw>
<kw name="Get WebElement" owner="SeleniumLibrary">
<msg time="2026-02-23T10:56:19.707029" level="INFO">${el} = &lt;selenium.webdriver.remote.webelement.WebElement (session="0dc9f90c27757ae333b098acfdf7470c", element="f.C795E0FE8A4AF74BBE4BCDDB91FC9D1D.d.E6EFF7B3E61A54C30741055907570D22.e.82")&gt;</msg>
<var>${el}</var>
<arg>${locator}</arg>
<doc>Returns the first WebElement matching the given ``locator``.</doc>
<status status="PASS" start="2026-02-23T10:56:19.697644" elapsed="0.009385"/>
</kw>
<kw name="Execute Javascript" owner="SeleniumLibrary">
<msg time="2026-02-23T10:56:19.707029" level="INFO">Executing JavaScript:
arguments[0].click();
By using argument:
'&lt;selenium.webdriver.remote.webelement.WebElement (session="0dc9f90c27757ae333b098acfdf7470c", element="f.C795E0FE8A4AF74BBE4BCDDB91FC9D1D.d.E6EFF7B3E61A54C30741055907570D22.e.82")&gt;'</msg>
<arg>arguments[0].click();</arg>
<arg>ARGUMENTS</arg>
<arg>${el}</arg>
<doc>Executes the given JavaScript code with possible arguments.</doc>
<status status="PASS" start="2026-02-23T10:56:19.707029" elapsed="8.714233"/>
</kw>
<kw name="Log" owner="BuiltIn">
<msg time="2026-02-23T10:56:28.422263" level="INFO">✓ Safe clicked: xpath://a[@href='/products']</msg>
<arg>✓ Safe clicked: ${locator}</arg>
<doc>Logs the given message with the given level.</doc>
<status status="PASS" start="2026-02-23T10:56:28.421262" elapsed="0.001001"/>
</kw>
<arg>xpath://a[@href='/products']</arg>
<status status="PASS" start="2026-02-23T10:56:18.060778" elapsed="10.361485"/>
</kw>
<kw name="Wait Until Location Contains" owner="SeleniumLibrary">
<arg>/products</arg>
<arg>10s</arg>
<doc>Waits until the current URL contains ``expected``.</doc>
<status status="PASS" start="2026-02-23T10:56:28.422263" elapsed="0.014173"/>
</kw>
<kw name="Log" owner="BuiltIn">
<msg time="2026-02-23T10:56:28.437711" level="INFO">✓ Navigated to /products.</msg>
<arg>✓ Navigated to /products.</arg>
<doc>Logs the given message with the given level.</doc>
<status status="PASS" start="2026-02-23T10:56:28.436436" elapsed="0.001275"/>
</kw>
<status status="PASS" start="2026-02-23T10:56:17.489172" elapsed="10.948539"/>
</kw>
<kw name="Verify Products Page Is Loaded" owner="ProductsPage">
<kw name="Wait Until Element Is Visible" owner="SeleniumLibrary">
<arg>xpath://h2[contains(text(),'All Products')]</arg>
<arg>15s</arg>
<doc>Waits until the element ``locator`` is visible.</doc>
<status status="PASS" start="2026-02-23T10:56:28.438885" elapsed="0.049537"/>
</kw>
<kw name="Log" owner="BuiltIn">
<msg time="2026-02-23T10:56:28.489435" level="INFO">✓ All Products page loaded.</msg>
<arg>✓ All Products page loaded.</arg>
<doc>Logs the given message with the given level.</doc>
<status status="PASS" start="2026-02-23T10:56:28.488422" elapsed="0.001013"/>
</kw>
<status status="PASS" start="2026-02-23T10:56:28.437711" elapsed="0.051724"/>
</kw>
<kw name="Dismiss Ads And Overlays" owner="BasePage">
<kw name="Sleep" owner="BuiltIn">
<msg time="2026-02-23T10:56:30.493661" level="INFO">Slept 2 seconds.</msg>
<arg>2s</arg>
<doc>Pauses the test executed for the given time.</doc>
<status status="PASS" start="2026-02-23T10:56:28.490433" elapsed="2.003228"/>
</kw>
<kw name="Kill All Ads" owner="BasePage">
<kw name="Execute Javascript" owner="SeleniumLibrary">
<msg time="2026-02-23T10:56:30.499108" level="INFO">Executing JavaScript:
(function(){var selectors = ['iframe[src*="google"]','iframe[src*="doubleclick"]','iframe[src*="googlesyndication"]','iframe[id*="aswift"]','iframe[name*="aswift"]','ins.adsbygoogle','div[id*="google_ads"]','div[class*="adsbygoogle"]'];selectors.forEach(function(sel){document.querySelectorAll(sel).forEach(function(el){el.style.display = 'none';el.style.pointerEvents = 'none';el.style.height = '0';el.style.width = '0';});});})();
Without any arguments.</msg>
<arg>(function(){</arg>
<arg>var selectors = [</arg>
<arg>'iframe[src*="google"]',</arg>
<arg>'iframe[src*="doubleclick"]',</arg>
<arg>'iframe[src*="googlesyndication"]',</arg>
<arg>'iframe[id*="aswift"]',</arg>
<arg>'iframe[name*="aswift"]',</arg>
<arg>'ins.adsbygoogle',</arg>
<arg>'div[id*="google_ads"]',</arg>
<arg>'div[class*="adsbygoogle"]'</arg>
<arg>];</arg>
<arg>selectors.forEach(function(sel){</arg>
<arg>document.querySelectorAll(sel).forEach(function(el){</arg>
<arg>el.style.display = 'none';</arg>
<arg>el.style.pointerEvents = 'none';</arg>
<arg>el.style.height = '0';</arg>
<arg>el.style.width = '0';</arg>
<arg>});</arg>
<arg>});</arg>
<arg>})();</arg>
<doc>Executes the given JavaScript code with possible arguments.</doc>
<status status="PASS" start="2026-02-23T10:56:30.496690" elapsed="0.025961"/>
</kw>
<kw name="Sleep" owner="BuiltIn">
<msg time="2026-02-23T10:56:31.033790" level="INFO">Slept 500 milliseconds.</msg>
<arg>0.5s</arg>
<doc>Pauses the test executed for the given time.</doc>
<status status="PASS" start="2026-02-23T10:56:30.523651" elapsed="0.510139"/>
</kw>
<status status="PASS" start="2026-02-23T10:56:30.496690" elapsed="0.538133"/>
</kw>
<kw name="Run Keyword And Return Status" owner="BuiltIn">
<kw name="Element Should Be Visible" owner="SeleniumLibrary">
<msg time="2026-02-23T10:56:31.060903" level="FAIL">Element with locator 'id=dismiss-button' not found.</msg>
<arg>id=dismiss-button</arg>
<doc>Verifies that the element identified by ``locator`` is visible.</doc>
<status status="FAIL" start="2026-02-23T10:56:31.036820" elapsed="0.024083">Element with locator 'id=dismiss-button' not found.</status>
</kw>
<msg time="2026-02-23T10:56:31.061914" level="INFO">${vignette} = False</msg>
<var>${vignette}</var>
<arg>Element Should Be Visible</arg>
<arg>id=dismiss-button</arg>
<doc>Runs the specified keyword and returns the status as a Boolean value.</doc>
<status status="PASS" start="2026-02-23T10:56:31.035822" elapsed="0.026092"/>
</kw>
<kw name="Run Keyword If" owner="BuiltIn">
<arg>${vignette}</arg>
<arg>Click Element</arg>
<arg>id=dismiss-button</arg>
<doc>Runs the given keyword with the given arguments, if ``condition`` is true.</doc>
<status status="PASS" start="2026-02-23T10:56:31.061914" elapsed="0.000000"/>
</kw>
<kw name="Run Keyword And Return Status" owner="BuiltIn">
<kw name="Element Should Be Visible" owner="SeleniumLibrary">
<msg time="2026-02-23T10:56:31.114482" level="FAIL">Element with locator 'xpath://button[contains(text(),'Accept')]' not found.</msg>
<arg>xpath://button[contains(text(),'Accept')]</arg>
<doc>Verifies that the element identified by ``locator`` is visible.</doc>
<status status="FAIL" start="2026-02-23T10:56:31.067583" elapsed="0.048335">Element with locator 'xpath://button[contains(text(),'Accept')]' not found.</status>
</kw>
<msg time="2026-02-23T10:56:31.115918" level="INFO">${cookie} = False</msg>
<var>${cookie}</var>
<arg>Element Should Be Visible</arg>
<arg>xpath://button[contains(text(),'Accept')]</arg>
<doc>Runs the specified keyword and returns the status as a Boolean value.</doc>
<status status="PASS" start="2026-02-23T10:56:31.061914" elapsed="0.054004"/>
</kw>
<kw name="Run Keyword If" owner="BuiltIn">
<arg>${cookie}</arg>
<arg>Click Element</arg>
<arg>xpath://button[contains(text(),'Accept')]</arg>
<doc>Runs the given keyword with the given arguments, if ``condition`` is true.</doc>
<status status="PASS" start="2026-02-23T10:56:31.115918" elapsed="0.001501"/>
</kw>
<kw name="Kill All Ads" owner="BasePage">
<kw name="Execute Javascript" owner="SeleniumLibrary">
<msg time="2026-02-23T10:56:31.119477" level="INFO">Executing JavaScript:
(function(){var selectors = ['iframe[src*="google"]','iframe[src*="doubleclick"]','iframe[src*="googlesyndication"]','iframe[id*="aswift"]','iframe[name*="aswift"]','ins.adsbygoogle','div[id*="google_ads"]','div[class*="adsbygoogle"]'];selectors.forEach(function(sel){document.querySelectorAll(sel).forEach(function(el){el.style.display = 'none';el.style.pointerEvents = 'none';el.style.height = '0';el.style.width = '0';});});})();
Without any arguments.</msg>
<arg>(function(){</arg>
<arg>var selectors = [</arg>
<arg>'iframe[src*="google"]',</arg>
<arg>'iframe[src*="doubleclick"]',</arg>
<arg>'iframe[src*="googlesyndication"]',</arg>
<arg>'iframe[id*="aswift"]',</arg>
<arg>'iframe[name*="aswift"]',</arg>
<arg>'ins.adsbygoogle',</arg>
<arg>'div[id*="google_ads"]',</arg>
<arg>'div[class*="adsbygoogle"]'</arg>
<arg>];</arg>
<arg>selectors.forEach(function(sel){</arg>
<arg>document.querySelectorAll(sel).forEach(function(el){</arg>
<arg>el.style.display = 'none';</arg>
<arg>el.style.pointerEvents = 'none';</arg>
<arg>el.style.height = '0';</arg>
<arg>el.style.width = '0';</arg>
<arg>});</arg>
<arg>});</arg>
<arg>})();</arg>
<doc>Executes the given JavaScript code with possible arguments.</doc>
<status status="PASS" start="2026-02-23T10:56:31.118428" elapsed="0.025096"/>
</kw>
<kw name="Sleep" owner="BuiltIn">
<msg time="2026-02-23T10:56:31.645811" level="INFO">Slept 500 milliseconds.</msg>
<arg>0.5s</arg>
<doc>Pauses the test executed for the given time.</doc>
<status status="PASS" start="2026-02-23T10:56:31.144534" elapsed="0.502291"/>
</kw>
<status status="PASS" start="2026-02-23T10:56:31.117419" elapsed="0.529406"/>
</kw>
<kw name="Sleep" owner="BuiltIn">
<msg time="2026-02-23T10:56:32.161895" level="INFO">Slept 500 milliseconds.</msg>
<arg>0.5s</arg>
<doc>Pauses the test executed for the given time.</doc>
<status status="PASS" start="2026-02-23T10:56:31.646825" elapsed="0.516575"/>
</kw>
<status status="PASS" start="2026-02-23T10:56:28.490433" elapsed="3.672967"/>
</kw>
<kw name="Search For Product" owner="ProductsPage">
<kw name="Kill All Ads" owner="BasePage">
<kw name="Execute Javascript" owner="SeleniumLibrary">
<msg time="2026-02-23T10:56:32.167448" level="INFO">Executing JavaScript:
(function(){var selectors = ['iframe[src*="google"]','iframe[src*="doubleclick"]','iframe[src*="googlesyndication"]','iframe[id*="aswift"]','iframe[name*="aswift"]','ins.adsbygoogle','div[id*="google_ads"]','div[class*="adsbygoogle"]'];selectors.forEach(function(sel){document.querySelectorAll(sel).forEach(function(el){el.style.display = 'none';el.style.pointerEvents = 'none';el.style.height = '0';el.style.width = '0';});});})();
Without any arguments.</msg>
<arg>(function(){</arg>
<arg>var selectors = [</arg>
<arg>'iframe[src*="google"]',</arg>
<arg>'iframe[src*="doubleclick"]',</arg>
<arg>'iframe[src*="googlesyndication"]',</arg>
<arg>'iframe[id*="aswift"]',</arg>
<arg>'iframe[name*="aswift"]',</arg>
<arg>'ins.adsbygoogle',</arg>
<arg>'div[id*="google_ads"]',</arg>
<arg>'div[class*="adsbygoogle"]'</arg>
<arg>];</arg>
<arg>selectors.forEach(function(sel){</arg>
<arg>document.querySelectorAll(sel).forEach(function(el){</arg>
<arg>el.style.display = 'none';</arg>
<arg>el.style.pointerEvents = 'none';</arg>
<arg>el.style.height = '0';</arg>
<arg>el.style.width = '0';</arg>
<arg>});</arg>
<arg>});</arg>
<arg>})();</arg>
<doc>Executes the given JavaScript code with possible arguments.</doc>
<status status="PASS" start="2026-02-23T10:56:32.167448" elapsed="0.008663"/>
</kw>
<kw name="Sleep" owner="BuiltIn">
<msg time="2026-02-23T10:56:32.685022" level="INFO">Slept 500 milliseconds.</msg>
<arg>0.5s</arg>
<doc>Pauses the test executed for the given time.</doc>
<status status="PASS" start="2026-02-23T10:56:32.177118" elapsed="0.507904"/>
</kw>
<status status="PASS" start="2026-02-23T10:56:32.165439" elapsed="0.523399"/>
</kw>
<kw name="Wait Until Element Is Visible" owner="SeleniumLibrary">
<arg>id=search_product</arg>
<arg>10s</arg>
<doc>Waits until the element ``locator`` is visible.</doc>
<status status="PASS" start="2026-02-23T10:56:32.688838" elapsed="0.034796"/>
</kw>
<kw name="Type Into Field" owner="BasePage">
<kw name="Wait Until Element Is Visible" owner="SeleniumLibrary">
<arg>${locator}</arg>
<arg>10s</arg>
<doc>Waits until the element ``locator`` is visible.</doc>
<status status="PASS" start="2026-02-23T10:56:32.727470" elapsed="0.025088"/>
</kw>
<kw name="Wait Until Element Is Enabled" owner="SeleniumLibrary">
<arg>${locator}</arg>
<arg>10s</arg>
<doc>Waits until the element ``locator`` is enabled.</doc>
<status status="PASS" start="2026-02-23T10:56:32.752558" elapsed="0.045047"/>
</kw>
<kw name="Scroll Into View" owner="BasePage">
<kw name="Get WebElement" owner="SeleniumLibrary">
<msg time="2026-02-23T10:56:32.814424" level="INFO">${el} = &lt;selenium.webdriver.remote.webelement.WebElement (session="0dc9f90c27757ae333b098acfdf7470c", element="f.C795E0FE8A4AF74BBE4BCDDB91FC9D1D.d.A71A38E5CAC6C5B04AC1285C884FF31A.e.95")&gt;</msg>
<var>${el}</var>
<arg>${locator}</arg>
<doc>Returns the first WebElement matching the given ``locator``.</doc>
<status status="PASS" start="2026-02-23T10:56:32.798610" elapsed="0.015814"/>
</kw>
<kw name="Execute Javascript" owner="SeleniumLibrary">
<msg time="2026-02-23T10:56:32.816430" level="INFO">Executing JavaScript:
arguments[0].scrollIntoView({behavior:'smooth', block:'center'});
By using argument:
'&lt;selenium.webdriver.remote.webelement.WebElement (session="0dc9f90c27757ae333b098acfdf7470c", element="f.C795E0FE8A4AF74BBE4BCDDB91FC9D1D.d.A71A38E5CAC6C5B04AC1285C884FF31A.e.95")&gt;'</msg>
<arg>arguments[0].scrollIntoView({behavior:'smooth', block:'center'});</arg>
<arg>ARGUMENTS</arg>
<arg>${el}</arg>
<doc>Executes the given JavaScript code with possible arguments.</doc>
<status status="PASS" start="2026-02-23T10:56:32.815432" elapsed="0.017933"/>
</kw>
<kw name="Sleep" owner="BuiltIn">
<msg time="2026-02-23T10:56:33.252790" level="INFO">Slept 400 milliseconds.</msg>
<arg>0.4s</arg>
<doc>Pauses the test executed for the given time.</doc>
<status status="PASS" start="2026-02-23T10:56:32.833870" elapsed="0.418920"/>
</kw>
<arg>${locator}</arg>
<status status="PASS" start="2026-02-23T10:56:32.798610" elapsed="0.455178"/>
</kw>
<kw name="Click Element" owner="SeleniumLibrary">
<msg time="2026-02-23T10:56:33.255805" level="INFO">Clicking element 'id=search_product'.</msg>
<arg>${locator}</arg>
<doc>Click the element identified by ``locator``.</doc>
<status status="PASS" start="2026-02-23T10:56:33.253788" elapsed="0.187696"/>
</kw>
<kw name="Get WebElement" owner="SeleniumLibrary">
[...]
Without any arguments.</msg>
<arg>(function(){</arg>
<arg>var selectors = [</arg>
<arg>'iframe[src*="google"]',</arg>
<arg>'iframe[src*="doubleclick"]',</arg>
<arg>'iframe[src*="googlesyndication"]',</arg>
<arg>'iframe[id*="aswift"]',</arg>
<arg>'iframe[name*="aswift"]',</arg>
<arg>'ins.adsbygoogle',</arg>
<arg>'div[id*="google_ads"]',</arg>
<arg>'div[class*="adsbygoogle"]'</arg>
<arg>];</arg>
<arg>selectors.forEach(function(sel){</arg>
<arg>document.querySelectorAll(sel).forEach(function(el){</arg>
<arg>el.style.display = 'none';</arg>
<arg>el.style.pointerEvents = 'none';</arg>
<arg>el.style.height = '0';</arg>
<arg>el.style.width = '0';</arg>
<arg>});</arg>
<arg>});</arg>
<arg>})();</arg>
<doc>Executes the given JavaScript code with possible arguments.</doc>
<status status="PASS" start="2026-02-23T11:07:38.093666" elapsed="0.016559"/>
</kw>
<kw name="Sleep" owner="BuiltIn">
<msg time="2026-02-23T11:07:38.627332" level="INFO">Slept 500 milliseconds.</msg>
<arg>0.5s</arg>
<doc>Pauses the test executed for the given time.</doc>
<status status="PASS" start="2026-02-23T11:07:38.111247" elapsed="0.516592"/>
</kw>
<status status="PASS" start="2026-02-23T11:07:38.092525" elapsed="0.535314"/>
</kw>
<kw name="Sleep" owner="BuiltIn">
<msg time="2026-02-23T11:07:39.137165" level="INFO">Slept 500 milliseconds.</msg>
<arg>0.5s</arg>
<doc>Pauses the test executed for the given time.</doc>
<status status="PASS" start="2026-02-23T11:07:38.628846" elapsed="0.508319"/>
</kw>
<status status="PASS" start="2026-02-23T11:06:55.718653" elapsed="43.420020"/>
</kw>
<kw name="Navigate To Products Page" owner="HomePage">
<kw name="Kill All Ads" owner="BasePage">
<kw name="Execute Javascript" owner="SeleniumLibrary">
<msg time="2026-02-23T11:07:39.142942" level="INFO">Executing JavaScript:
(function(){var selectors = ['iframe[src*="google"]','iframe[src*="doubleclick"]','iframe[src*="googlesyndication"]','iframe[id*="aswift"]','iframe[name*="aswift"]','ins.adsbygoogle','div[id*="google_ads"]','div[class*="adsbygoogle"]'];selectors.forEach(function(sel){document.querySelectorAll(sel).forEach(function(el){el.style.display = 'none';el.style.pointerEvents = 'none';el.style.height = '0';el.style.width = '0';});});})();
Without any arguments.</msg>
<arg>(function(){</arg>
<arg>var selectors = [</arg>
<arg>'iframe[src*="google"]',</arg>
<arg>'iframe[src*="doubleclick"]',</arg>
<arg>'iframe[src*="googlesyndication"]',</arg>
<arg>'iframe[id*="aswift"]',</arg>
<arg>'iframe[name*="aswift"]',</arg>
<arg>'ins.adsbygoogle',</arg>
<arg>'div[id*="google_ads"]',</arg>
<arg>'div[class*="adsbygoogle"]'</arg>
<arg>];</arg>
<arg>selectors.forEach(function(sel){</arg>
<arg>document.querySelectorAll(sel).forEach(function(el){</arg>
<arg>el.style.display = 'none';</arg>
<arg>el.style.pointerEvents = 'none';</arg>
<arg>el.style.height = '0';</arg>
<arg>el.style.width = '0';</arg>
<arg>});</arg>
<arg>});</arg>
<arg>})();</arg>
<doc>Executes the given JavaScript code with possible arguments.</doc>
<status status="PASS" start="2026-02-23T11:07:39.141943" elapsed="0.102718"/>
</kw>
<kw name="Sleep" owner="BuiltIn">
<msg time="2026-02-23T11:07:39.754052" level="INFO">Slept 500 milliseconds.</msg>
<arg>0.5s</arg>
<doc>Pauses the test executed for the given time.</doc>
<status status="PASS" start="2026-02-23T11:07:39.246661" elapsed="0.507391"/>
</kw>
<status status="PASS" start="2026-02-23T11:07:39.140932" elapsed="0.615628"/>
</kw>
<kw name="Wait Until Element Is Visible" owner="SeleniumLibrary">
<arg>xpath://a[@href='/products']</arg>
<arg>10s</arg>
<doc>Waits until the element ``locator`` is visible.</doc>
<status status="PASS" start="2026-02-23T11:07:39.756560" elapsed="0.596303"/>
</kw>
<kw name="Safe Click" owner="BasePage">
<kw name="Kill All Ads" owner="BasePage">
<kw name="Execute Javascript" owner="SeleniumLibrary">
<msg time="2026-02-23T11:07:40.357952" level="INFO">Executing JavaScript:
(function(){var selectors = ['iframe[src*="google"]','iframe[src*="doubleclick"]','iframe[src*="googlesyndication"]','iframe[id*="aswift"]','iframe[name*="aswift"]','ins.adsbygoogle','div[id*="google_ads"]','div[class*="adsbygoogle"]'];selectors.forEach(function(sel){document.querySelectorAll(sel).forEach(function(el){el.style.display = 'none';el.style.pointerEvents = 'none';el.style.height = '0';el.style.width = '0';});});})();
Without any arguments.</msg>
<arg>(function(){</arg>
<arg>var selectors = [</arg>
<arg>'iframe[src*="google"]',</arg>
<arg>'iframe[src*="doubleclick"]',</arg>
<arg>'iframe[src*="googlesyndication"]',</arg>
<arg>'iframe[id*="aswift"]',</arg>
<arg>'iframe[name*="aswift"]',</arg>
<arg>'ins.adsbygoogle',</arg>
<arg>'div[id*="google_ads"]',</arg>
<arg>'div[class*="adsbygoogle"]'</arg>
<arg>];</arg>
<arg>selectors.forEach(function(sel){</arg>
<arg>document.querySelectorAll(sel).forEach(function(el){</arg>
<arg>el.style.display = 'none';</arg>
<arg>el.style.pointerEvents = 'none';</arg>
<arg>el.style.height = '0';</arg>
<arg>el.style.width = '0';</arg>
<arg>});</arg>
<arg>});</arg>
<arg>})();</arg>
<doc>Executes the given JavaScript code with possible arguments.</doc>
<status status="PASS" start="2026-02-23T11:07:40.355427" elapsed="0.179449"/>
</kw>
<kw name="Sleep" owner="BuiltIn">
<msg time="2026-02-23T11:07:41.102118" level="INFO">Slept 500 milliseconds.</msg>
<arg>0.5s</arg>
<doc>Pauses the test executed for the given time.</doc>
<status status="PASS" start="2026-02-23T11:07:40.534876" elapsed="0.568241"/>
</kw>
<status status="PASS" start="2026-02-23T11:07:40.355427" elapsed="0.748691"/>
</kw>
<kw name="Wait Until Element Is Visible" owner="SeleniumLibrary">
<msg time="2026-02-23T11:08:14.300188" level="FAIL">ProtocolError: ('Connection aborted.', ConnectionResetError(10054, 'An existing connection was forcibly closed by the remote host', None, 10054, None))</msg>
<arg>${locator}</arg>
<arg>15s</arg>
<doc>Waits until the element ``locator`` is visible.</doc>
<status status="FAIL" start="2026-02-23T11:07:41.112284" elapsed="33.414194">ProtocolError: ('Connection aborted.', ConnectionResetError(10054, 'An existing connection was forcibly closed by the remote host', None, 10054, None))</status>
</kw>
<kw name="Scroll Into View" owner="BasePage">
<arg>${locator}</arg>
<status status="NOT RUN" start="2026-02-23T11:08:14.551079" elapsed="0.001455"/>
</kw>
<kw name="Kill All Ads" owner="BasePage">
<status status="NOT RUN" start="2026-02-23T11:08:14.557934" elapsed="0.001005"/>
</kw>
<kw name="Get WebElement" owner="SeleniumLibrary">
<var>${el}</var>
<arg>${locator}</arg>
<doc>Returns the first WebElement matching the given ``locator``.</doc>
<status status="NOT RUN" start="2026-02-23T11:08:14.562104" elapsed="0.000000"/>
</kw>
<kw name="Execute Javascript" owner="SeleniumLibrary">
<arg>arguments[0].click();</arg>
<arg>ARGUMENTS</arg>
<arg>${el}</arg>
<doc>Executes the given JavaScript code with possible arguments.</doc>
<status status="NOT RUN" start="2026-02-23T11:08:14.562104" elapsed="0.001238"/>
</kw>
<kw name="Log" owner="BuiltIn">
<arg>✓ Safe clicked: ${locator}</arg>
<doc>Logs the given message with the given level.</doc>
<status status="NOT RUN" start="2026-02-23T11:08:14.563342" elapsed="0.000507"/>
</kw>
<arg>xpath://a[@href='/products']</arg>
<status status="FAIL" start="2026-02-23T11:07:40.354406" elapsed="34.213484">ProtocolError: ('Connection aborted.', ConnectionResetError(10054, 'An existing connection was forcibly closed by the remote host', None, 10054, None))</status>
</kw>
<kw name="Wait Until Location Contains" owner="SeleniumLibrary">
<arg>/products</arg>
<arg>10s</arg>
<doc>Waits until the current URL contains ``expected``.</doc>
<status status="NOT RUN" start="2026-02-23T11:08:14.572415" elapsed="0.000000"/>
</kw>
<kw name="Log" owner="BuiltIn">
<arg>✓ Navigated to /products.</arg>
<doc>Logs the given message with the given level.</doc>
<status status="NOT RUN" start="2026-02-23T11:08:14.572415" elapsed="0.000000"/>
</kw>
<status status="FAIL" start="2026-02-23T11:07:39.139684" elapsed="35.434244">ProtocolError: ('Connection aborted.', ConnectionResetError(10054, 'An existing connection was forcibly closed by the remote host', None, 10054, None))</status>
</kw>
<kw name="Verify Products Page Is Loaded" owner="ProductsPage">
<status status="NOT RUN" start="2026-02-23T11:08:14.580192" elapsed="0.000000"/>
</kw>
<kw name="Dismiss Ads And Overlays" owner="BasePage">
<status status="NOT RUN" start="2026-02-23T11:08:14.580192" elapsed="0.001000"/>
</kw>
<kw name="Search For Product" owner="ProductsPage">
<arg>${user}[product]</arg>
<status status="NOT RUN" start="2026-02-23T11:08:14.588877" elapsed="0.001010"/>
</kw>
<kw name="Verify Search Results Displayed" owner="ProductsPage">
<status status="NOT RUN" start="2026-02-23T11:08:14.590910" elapsed="0.000000"/>
</kw>
<kw name="Open First Product Detail" owner="ProductsPage">
<status status="NOT RUN" start="2026-02-23T11:08:14.591918" elapsed="0.000000"/>
</kw>
<kw name="Verify Product Detail Page Loaded" owner="ProductsPage">
<status status="NOT RUN" start="2026-02-23T11:08:14.596833" elapsed="0.000000"/>
</kw>
<kw name="Add Product To Cart From Detail Page" owner="ProductsPage">
<status status="NOT RUN" start="2026-02-23T11:08:14.597340" elapsed="0.000000"/>
</kw>
<kw name="Log" owner="BuiltIn">
<arg>✓ First add to cart done.</arg>
<doc>Logs the given message with the given level.</doc>
<status status="NOT RUN" start="2026-02-23T11:08:14.597340" elapsed="0.000000"/>
</kw>
<kw name="Dismiss Ads And Overlays" owner="BasePage">
<status status="NOT RUN" start="2026-02-23T11:08:14.599356" elapsed="0.000000"/>
</kw>
<kw name="Navigate To Products Page" owner="HomePage">
<status status="NOT RUN" start="2026-02-23T11:08:14.600755" elapsed="0.001026"/>
</kw>
<kw name="Verify Products Page Is Loaded" owner="ProductsPage">
<status status="NOT RUN" start="2026-02-23T11:08:14.602790" elapsed="0.000000"/>
</kw>
<kw name="Dismiss Ads And Overlays" owner="BasePage">
<status status="NOT RUN" start="2026-02-23T11:08:14.604297" elapsed="0.000000"/>
</kw>
<kw name="Search For Product" owner="ProductsPage">
<arg>${user}[product]</arg>
<status status="NOT RUN" start="2026-02-23T11:08:14.605309" elapsed="0.000000"/>
</kw>
<kw name="Verify Search Results Displayed" owner="ProductsPage">
<status status="NOT RUN" start="2026-02-23T11:08:14.608044" elapsed="0.000000"/>
</kw>
<kw name="Open First Product Detail" owner="ProductsPage">
<status status="NOT RUN" start="2026-02-23T11:08:14.610344" elapsed="0.000000"/>
</kw>
<kw name="Verify Product Detail Page Loaded" owner="ProductsPage">
<status status="NOT RUN" start="2026-02-23T11:08:14.611354" elapsed="0.000000"/>
</kw>
<kw name="Add Product To Cart From Detail Page" owner="ProductsPage">
<status status="NOT RUN" start="2026-02-23T11:08:14.630009" elapsed="0.000000"/>
</kw>
<kw name="Log" owner="BuiltIn">
<arg>✓ Second add to cart done.</arg>
<doc>Logs the given message with the given level.</doc>
<status status="NOT RUN" start="2026-02-23T11:08:14.630009" elapsed="0.000000"/>
</kw>
<kw name="Navigate To Cart Page" owner="HomePage">
<status status="NOT RUN" start="2026-02-23T11:08:14.630009" elapsed="0.003074"/>
</kw>
<kw name="Verify Cart Page Is Loaded" owner="CartPage">
<status status="NOT RUN" start="2026-02-23T11:08:14.634090" elapsed="0.001099"/>
</kw>
<kw name="Verify Cart Is Not Empty" owner="CartPage">
<status status="NOT RUN" start="2026-02-23T11:08:14.642545" elapsed="0.000000"/>
</kw>
<kw name="Verify Product In Cart" owner="CartPage">
<arg>${user}[product]</arg>
<status status="NOT RUN" start="2026-02-23T11:08:14.662651" elapsed="0.000541"/>
</kw>
<kw name="Log" owner="BuiltIn">
<arg>✓ Product verified in cart.</arg>
<doc>Logs the given message with the given level.</doc>
<status status="NOT RUN" start="2026-02-23T11:08:14.667736" elapsed="0.000738"/>
</kw>
<kw name="Remove All Items From Cart" owner="CartPage">
<doc>Deletes every item from the cart by clicking each
&lt;a class="cart_quantity_delete"&gt; link one by one.
After each click waits 1.5s for the row to animate out,
then recounts rows and repeats until 0 remain.</doc>
<status status="NOT RUN" start="2026-02-23T11:08:14.688344" elapsed="0.000911"/>
</kw>
<kw name="Verify Cart Is Empty" owner="CartPage">
<doc>The site shows &lt;span id="empty_cart"&gt; after all items deleted.
Waits up to 10s for it to become visible.</doc>
<status status="NOT RUN" start="2026-02-23T11:08:14.689762" elapsed="0.000000"/>
</kw>
<kw name="Log" owner="BuiltIn">
<arg>✓ Cart cleared.</arg>
<doc>Logs the given message with the given level.</doc>
<status status="NOT RUN" start="2026-02-23T11:08:14.689762" elapsed="0.001033"/>
</kw>
<kw name="Logout User" owner="HomePage">
<status status="NOT RUN" start="2026-02-23T11:08:14.694306" elapsed="0.000000"/>
</kw>
<kw name="Log" owner="BuiltIn">
<arg>✓ Logged out.</arg>
<doc>Logs the given message with the given level.</doc>
<status status="NOT RUN" start="2026-02-23T11:08:14.694306" elapsed="0.000000"/>
</kw>
<kw name="Close Application" owner="BasePage">
<status status="NOT RUN" start="2026-02-23T11:08:14.700979" elapsed="0.000000"/>
</kw>
<kw name="Log" owner="BuiltIn">
<arg>✓ COMPLETE: ${user}[name] done.</arg>
<doc>Logs the given message with the given level.</doc>
<status status="NOT RUN" start="2026-02-23T11:08:14.700979" elapsed="0.001061"/>
</kw>
<arg>${USERS}[4]</arg>
<status status="FAIL" start="2026-02-23T11:05:33.909029" elapsed="160.793011">ProtocolError: ('Connection aborted.', ConnectionResetError(10054, 'An existing connection was forcibly closed by the remote host', None, 10054, None))</status>
</kw>
<kw name="Run Keyword If Test Failed" owner="BuiltIn" type="TEARDOWN">
<kw name="Capture Page Screenshot" owner="SeleniumLibrary">
<msg time="2026-02-23T11:08:19.822931" level="WARN">Retrying (Retry(total=2, connect=None, read=None, redirect=None, status=None)) after connection broken by 'NewConnectionError("HTTPConnection(host='localhost', port=50184): Failed to establish a new connection: [WinError 10061] No connection could be made because the target machine actively refused it")': /session/3ca389fa5c77be62a71259dfdcb69096/screenshot</msg>
<msg time="2026-02-23T11:08:23.984445" level="WARN">Retrying (Retry(total=1, connect=None, read=None, redirect=None, status=None)) after connection broken by 'NewConnectionError("HTTPConnection(host='localhost', port=50184): Failed to establish a new connection: [WinError 10061] No connection could be made because the target machine actively refused it")': /session/3ca389fa5c77be62a71259dfdcb69096/screenshot</msg>
<msg time="2026-02-23T11:08:28.194030" level="WARN">Retrying (Retry(total=0, connect=None, read=None, redirect=None, status=None)) after connection broken by 'NewConnectionError("HTTPConnection(host='localhost', port=50184): Failed to establish a new connection: [WinError 10061] No connection could be made because the target machine actively refused it")': /session/3ca389fa5c77be62a71259dfdcb69096/screenshot</msg>
<msg time="2026-02-23T11:08:32.719268" level="FAIL">MaxRetryError: HTTPConnectionPool(host='localhost', port=50184): Max retries exceeded with url: /session/3ca389fa5c77be62a71259dfdcb69096/screenshot (Caused by NewConnectionError("HTTPConnection(host='localhost', port=50184): Failed to establish a new connection: [WinError 10061] No connection could be made because the target machine actively refused it"))</msg>
<doc>Takes a screenshot of the current page and embeds it into a log file.</doc>
<status status="FAIL" start="2026-02-23T11:08:14.802755" elapsed="17.931793">MaxRetryError: HTTPConnectionPool(host='localhost', port=50184): Max retries exceeded with url: /session/3ca389fa5c77be62a71259dfdcb69096/screenshot (Caused by NewConnectionError("HTTPConnection(host='localhost', port=50184): Failed to establish a new connection: [WinError 10061] No connection could be made because the target machine actively refused it"))</status>
</kw>
<arg>Capture Page Screenshot</arg>
<doc>Runs the given keyword with the given arguments, if the test failed.</doc>
<status status="FAIL" start="2026-02-23T11:08:14.723844" elapsed="18.010704">MaxRetryError: HTTPConnectionPool(host='localhost', port=50184): Max retries exceeded with url: /session/3ca389fa5c77be62a71259dfdcb69096/screenshot (Caused by NewConnectionError("HTTPConnection(host='localhost', port=50184): Failed to establish a new connection: [WinError 10061] No connection could be made because the target machine actively refused it"))</status>
</kw>
<tag>cart</tag>
<tag>login</tag>
<tag>tc002</tag>
<status status="FAIL" start="2026-02-23T11:05:33.868825" elapsed="178.871423">ProtocolError: ('Connection aborted.', ConnectionResetError(10054, 'An existing connection was forcibly closed by the remote host', None, 10054, None))

Also teardown failed:
MaxRetryError: HTTPConnectionPool(host='localhost', port=50184): Max retries exceeded with url: /session/3ca389fa5c77be62a71259dfdcb69096/screenshot (Caused by NewConnectionError("HTTPConnection(host='localhost', port=50184): Failed to establish a new connection: [WinError 10061] No connection could be made because the target machine actively refused it"))</status>
</test>
<kw name="Log" owner="BuiltIn" type="TEARDOWN">
<msg time="2026-02-23T11:08:32.810559" level="INFO">═══ TC002 End ═══</msg>
<arg>═══ TC002 End ═══</arg>
<doc>Logs the given message with the given level.</doc>
<status status="PASS" start="2026-02-23T11:08:32.808029" elapsed="0.003558"/>
</kw>
<doc>TC002 — Login All Users, Add Product to Cart Twice, Remove All, Logout

Run AFTER TC001_Register.robot has completed.

Run:  robot --outputdir results testsTC002_Login.robot</doc>
<status status="FAIL" start="2026-02-23T10:55:04.569044" elapsed="808.242543"/>
</suite>
<statistics>
<total>
<stat pass="2" fail="3" skip="0">All Tests</stat>
</total>
<tag>
<stat pass="2" fail="3" skip="0">cart</stat>
<stat pass="2" fail="3" skip="0">login</stat>
<stat pass="2" fail="3" skip="0">tc002</stat>
</tag>
<suite>
<stat name="TC002 Login" id="s1" pass="2" fail="3" skip="0">TC002 Login</stat>
</suite>
</statistics>
<errors>
<msg time="2026-02-23T11:08:19.822931" level="WARN">Retrying (Retry(total=2, connect=None, read=None, redirect=None, status=None)) after connection broken by 'NewConnectionError("HTTPConnection(host='localhost', port=50184): Failed to establish a new connection: [WinError 10061] No connection could be made because the target machine actively refused it")': /session/3ca389fa5c77be62a71259dfdcb69096/screenshot</msg>
<msg time="2026-02-23T11:08:23.984445" level="WARN">Retrying (Retry(total=1, connect=None, read=None, redirect=None, status=None)) after connection broken by 'NewConnectionError("HTTPConnection(host='localhost', port=50184): Failed to establish a new connection: [WinError 10061] No connection could be made because the target machine actively refused it")': /session/3ca389fa5c77be62a71259dfdcb69096/screenshot</msg>
<msg time="2026-02-23T11:08:28.194030" level="WARN">Retrying (Retry(total=0, connect=None, read=None, redirect=None, status=None)) after connection broken by 'NewConnectionError("HTTPConnection(host='localhost', port=50184): Failed to establish a new connection: [WinError 10061] No connection could be made because the target machine actively refused it")': /session/3ca389fa5c77be62a71259dfdcb69096/screenshot</msg>
</errors>
</robot>
